Iter 1 | Steps 2048 | Pools h=1 s=1 | hider=+1.981* (9ep) | seeker=-1.779* (9ep)
Iter 2 | Steps 4096 | Pools h=2 s=2 | hider=+2.096* (9ep) | seeker=-1.916  (9ep)
Iter 3 | Steps 6144 | Pools h=3 s=3 | hider=+2.089  (8ep) | seeker=-2.229  (8ep)
Iter 4 | Steps 8192 | Pools h=3 s=3 | hider=+1.612  (9ep) | seeker=-2.093  (9ep)
Iter 5 | Steps 10240 | Pools h=3 s=3 | hider=+2.400* (8ep) | seeker=-1.429* (10ep)
Iter 6 | Steps 12288 | Pools h=4 s=4 | hider=+2.048  (9ep) | seeker=-2.400  (8ep)
Iter 7 | Steps 14336 | Pools h=4 s=4 | hider=+1.884  (9ep) | seeker=-1.946  (9ep)
Iter 8 | Steps 16384 | Pools h=4 s=4 | hider=+2.131  (9ep) | seeker=-2.165  (8ep)
Iter 9 | Steps 18432 | Pools h=4 s=4 | hider=+1.876  (9ep) | seeker=-1.882  (9ep)
Iter 10 | Steps 20480 | Pools h=4 s=4 | hider=+1.948  (9ep) | seeker=-2.187  (8ep)
Iter 11 | Steps 22528 | Pools h=4 s=4 | hider=+2.029  (9ep) | seeker=-2.400  (8ep)
Iter 12 | Steps 24576 | Pools h=4 s=4 | hider=+1.841  (10ep) | seeker=-2.092  (9ep)
Iter 13 | Steps 26624 | Pools h=4 s=4 | hider=+2.400  (8ep) | seeker=-2.400  (8ep)
Iter 14 | Steps 28672 | Pools h=4 s=4 | hider=+2.400  (8ep) | seeker=-1.711  (9ep)
Iter 15 | Steps 30720 | Pools h=4 s=4 | hider=+2.400  (8ep) | seeker=-2.179  (8ep)
Iter 16 | Steps 32768 | Pools h=4 s=4 | hider=+2.265  (8ep) | seeker=-2.204  (8ep)
Iter 17 | Steps 34816 | Pools h=4 s=4 | hider=+2.186  (8ep) | seeker=-2.400  (8ep)
Iter 18 | Steps 36864 | Pools h=4 s=4 | hider=+2.400  (8ep) | seeker=-1.752  (9ep)
Iter 19 | Steps 38912 | Pools h=4 s=4 | hider=+2.272  (8ep) | seeker=-1.830  (9ep)
Iter 20 | Steps 40960 | Pools h=4 s=4 | hider=+2.400  (8ep) | seeker=-2.089  (9ep)
Iter 21 | Steps 43008 | Pools h=4 s=4 | hider=+1.991  (9ep) | seeker=-1.764  (8ep)
Iter 22 | Steps 45056 | Pools h=4 s=4 | hider=+2.400  (8ep) | seeker=-1.581  (10ep)
Iter 23 | Steps 47104 | Pools h=4 s=4 | hider=+2.100  (9ep) | seeker=-2.400  (8ep)
Iter 24 | Steps 49152 | Pools h=4 s=4 | hider=+2.400  (8ep) | seeker=-2.400  (8ep)
Iter 25 | Steps 51200 | Pools h=4 s=4 | hider=+2.239  (8ep) | seeker=-1.516  (10ep)
Iter 26 | Steps 53248 | Pools h=4 s=4 | hider=+2.400  (8ep) | seeker=-1.928  (9ep)
Iter 27 | Steps 55296 | Pools h=4 s=4 | hider=+2.106  (9ep) | seeker=-2.044  (9ep)
Iter 28 | Steps 57344 | Pools h=4 s=4 | hider=+2.400  (8ep) | seeker=-1.681  (10ep)
Iter 29 | Steps 59392 | Pools h=4 s=4 | hider=+2.090  (9ep) | seeker=-2.001  (9ep)
Iter 30 | Steps 61440 | Pools h=4 s=4 | hider=+2.149  (8ep) | seeker=-2.025  (8ep)
Iter 31 | Steps 63488 | Pools h=4 s=4 | hider=+2.400  (8ep) | seeker=-2.400  (8ep)
Iter 32 | Steps 65536 | Pools h=4 s=4 | hider=+2.400  (8ep) | seeker=-2.400  (8ep)
Iter 33 | Steps 67584 | Pools h=4 s=4 | hider=+2.400  (8ep) | seeker=-2.400  (8ep)
Iter 34 | Steps 69632 | Pools h=4 s=4 | hider=+2.251  (8ep) | seeker=-1.709  (10ep)
Iter 35 | Steps 71680 | Pools h=4 s=4 | hider=+2.254  (8ep) | seeker=-2.207  (8ep)
Iter 36 | Steps 73728 | Pools h=4 s=4 | hider=+1.612  (10ep) | seeker=-2.259  (8ep)
Iter 37 | Steps 75776 | Pools h=4 s=4 | hider=+1.924  (9ep) | seeker=-1.934  (9ep)
Iter 38 | Steps 77824 | Pools h=4 s=4 | hider=+2.154  (9ep) | seeker=-1.897  (9ep)
Iter 39 | Steps 79872 | Pools h=4 s=4 | hider=+1.718  (9ep) | seeker=-2.400  (8ep)
Iter 40 | Steps 81920 | Pools h=4 s=4 | hider=+1.941  (9ep) | seeker=-2.155  (8ep)
Iter 41 | Steps 83968 | Pools h=4 s=4 | hider=+2.400  (8ep) | seeker=-2.400  (8ep)
Iter 42 | Steps 86016 | Pools h=4 s=4 | hider=+2.400  (8ep) | seeker=-1.857  (9ep)
Iter 43 | Steps 88064 | Pools h=4 s=4 | hider=+2.140  (9ep) | seeker=-2.162  (9ep)
Iter 44 | Steps 90112 | Pools h=4 s=4 | hider=+2.139  (8ep) | seeker=-1.576  (9ep)
Iter 45 | Steps 92160 | Pools h=4 s=4 | hider=+2.400  (8ep) | seeker=-2.065  (8ep)
Iter 46 | Steps 94208 | Pools h=4 s=4 | hider=+1.812  (9ep) | seeker=-2.400  (8ep)
Iter 47 | Steps 96256 | Pools h=4 s=4 | hider=+2.051  (9ep) | seeker=-1.800  (9ep)
Iter 48 | Steps 98304 | Pools h=4 s=4 | hider=+2.400  (8ep) | seeker=-2.079  (9ep)
Iter 49 | Steps 100352 | Pools h=4 s=4 | hider=+2.019  (8ep) | seeker=-1.948  (9ep)
Iter 50 | Steps 102400 | Pools h=4 s=4 | hider=+2.400  (8ep) | seeker=-2.221  (8ep)
Iter 51 | Steps 104448 | Pools h=4 s=4 | hider=+2.160  (9ep) | seeker=-2.037  (9ep)
Iter 52 | Steps 106496 | Pools h=4 s=4 | hider=+2.034  (9ep) | seeker=-1.984  (9ep)
Iter 53 | Steps 108544 | Pools h=4 s=4 | hider=+2.161  (8ep) | seeker=-2.023  (9ep)
Iter 54 | Steps 110592 | Pools h=4 s=4 | hider=+2.000  (9ep) | seeker=-1.928  (9ep)
Iter 55 | Steps 112640 | Pools h=4 s=4 | hider=+2.232  (8ep) | seeker=-2.124  (9ep)
Iter 56 | Steps 114688 | Pools h=4 s=4 | hider=+2.400  (8ep) | seeker=-2.254  (8ep)
Iter 57 | Steps 116736 | Pools h=4 s=4 | hider=+2.255  (8ep) | seeker=-1.976  (9ep)
Iter 58 | Steps 118784 | Pools h=4 s=4 | hider=+2.400  (8ep) | seeker=-2.400  (8ep)
Iter 59 | Steps 120832 | Pools h=4 s=4 | hider=+2.146  (9ep) | seeker=-2.227  (8ep)
Iter 60 | Steps 122880 | Pools h=4 s=4 | hider=+2.127  (9ep) | seeker=-2.046  (9ep)
Iter 61 | Steps 124928 | Pools h=4 s=4 | hider=+2.185  (8ep) | seeker=-1.823  (9ep)
Iter 62 | Steps 126976 | Pools h=4 s=4 | hider=+2.400  (8ep) | seeker=-1.878  (9ep)
Iter 63 | Steps 129024 | Pools h=4 s=4 | hider=+2.035  (8ep) | seeker=-1.707  (10ep)
Iter 64 | Steps 131072 | Pools h=4 s=4 | hider=+2.091  (9ep) | seeker=-2.146  (9ep)
Iter 65 | Steps 133120 | Pools h=4 s=4 | hider=+2.031  (8ep) | seeker=-1.709  (9ep)
Iter 66 | Steps 135168 | Pools h=4 s=4 | hider=+2.400  (8ep) | seeker=-2.400  (8ep)
Iter 67 | Steps 137216 | Pools h=4 s=4 | hider=+2.400  (8ep) | seeker=-1.771  (9ep)
Iter 68 | Steps 139264 | Pools h=4 s=4 | hider=+2.400  (8ep) | seeker=-2.400  (8ep)
Iter 69 | Steps 141312 | Pools h=4 s=4 | hider=+2.400  (8ep) | seeker=-1.979  (9ep)
Iter 70 | Steps 143360 | Pools h=4 s=4 | hider=+2.400  (8ep) | seeker=-2.177  (8ep)
Iter 71 | Steps 145408 | Pools h=4 s=4 | hider=+1.807  (9ep) | seeker=-2.400  (8ep)
Iter 72 | Steps 147456 | Pools h=4 s=4 | hider=+1.928  (9ep) | seeker=-2.400  (8ep)
Iter 73 | Steps 149504 | Pools h=4 s=4 | hider=+2.400  (8ep) | seeker=-1.958  (9ep)
Iter 74 | Steps 151552 | Pools h=4 s=4 | hider=+2.400  (8ep) | seeker=-2.154  (8ep)
Iter 75 | Steps 153600 | Pools h=4 s=4 | hider=+2.400  (8ep) | seeker=-2.146  (8ep)
Iter 76 | Steps 155648 | Pools h=4 s=4 | hider=+2.400  (8ep) | seeker=-1.829  (9ep)
Iter 77 | Steps 157696 | Pools h=4 s=4 | hider=+2.121  (9ep) | seeker=-1.880  (9ep)
Iter 78 | Steps 159744 | Pools h=4 s=4 | hider=+2.400  (8ep) | seeker=-2.400  (8ep)
Iter 79 | Steps 161792 | Pools h=4 s=4 | hider=+1.980  (9ep) | seeker=-2.114  (9ep)
Iter 80 | Steps 163840 | Pools h=4 s=4 | hider=+2.400  (8ep) | seeker=-1.836  (10ep)
Iter 81 | Steps 165888 | Pools h=4 s=4 | hider=+2.400  (8ep) | seeker=-2.250  (8ep)
Iter 82 | Steps 167936 | Pools h=4 s=4 | hider=+2.116  (9ep) | seeker=-2.139  (9ep)
Iter 83 | Steps 169984 | Pools h=4 s=4 | hider=+2.400  (8ep) | seeker=-1.742  (9ep)
Iter 84 | Steps 172032 | Pools h=4 s=4 | hider=+2.160  (9ep) | seeker=-1.943  (9ep)
Iter 85 | Steps 174080 | Pools h=4 s=4 | hider=+2.245  (8ep) | seeker=-2.151  (9ep)
Iter 86 | Steps 176128 | Pools h=4 s=4 | hider=+1.979  (9ep) | seeker=-1.821  (9ep)
Iter 87 | Steps 178176 | Pools h=4 s=4 | hider=+2.201  (8ep) | seeker=-1.994  (9ep)
Iter 88 | Steps 180224 | Pools h=4 s=4 | hider=+1.614  (10ep) | seeker=-2.144  (9ep)
Iter 89 | Steps 182272 | Pools h=4 s=4 | hider=+1.913  (9ep) | seeker=-1.833  (9ep)
Iter 90 | Steps 184320 | Pools h=4 s=4 | hider=+2.154  (9ep) | seeker=-1.650  (10ep)
Iter 91 | Steps 186368 | Pools h=4 s=4 | hider=+2.254  (8ep) | seeker=-2.400  (8ep)
Iter 92 | Steps 188416 | Pools h=4 s=4 | hider=+2.107  (8ep) | seeker=-2.215  (8ep)
Iter 93 | Steps 190464 | Pools h=4 s=4 | hider=+2.039  (9ep) | seeker=-1.950  (9ep)
Iter 94 | Steps 192512 | Pools h=4 s=4 | hider=+2.133  (9ep) | seeker=-2.189  (8ep)
Iter 95 | Steps 194560 | Pools h=4 s=4 | hider=+2.400  (8ep) | seeker=-2.225  (8ep)
Iter 96 | Steps 196608 | Pools h=4 s=4 | hider=+2.118  (9ep) | seeker=-2.227  (8ep)
Iter 97 | Steps 198656 | Pools h=4 s=4 | hider=+2.400  (8ep) | seeker=-2.159  (9ep)
Iter 98 | Steps 200704 | Pools h=4 s=4 | hider=+2.400  (8ep) | seeker=-2.164  (9ep)
Iter 99 | Steps 202752 | Pools h=4 s=4 | hider=+2.024  (9ep) | seeker=-2.400  (8ep)
Iter 100 | Steps 204800 | Pools h=4 s=4 | hider=+2.400  (8ep) | seeker=-2.235  (8ep)
Iter 101 | Steps 206848 | Pools h=4 s=4 | hider=+2.400  (8ep) | seeker=-2.400  (8ep)
Iter 102 | Steps 208896 | Pools h=4 s=4 | hider=+2.139  (8ep) | seeker=-1.743  (10ep)
Iter 103 | Steps 210944 | Pools h=4 s=4 | hider=+2.400  (8ep) | seeker=-2.400  (8ep)
Iter 104 | Steps 212992 | Pools h=4 s=4 | hider=+2.163  (9ep) | seeker=-1.956  (9ep)
Iter 105 | Steps 215040 | Pools h=4 s=4 | hider=+2.400  (8ep) | seeker=-1.881  (9ep)
Iter 106 | Steps 217088 | Pools h=4 s=4 | hider=+2.182  (8ep) | seeker=-1.742  (10ep)
Iter 107 | Steps 219136 | Pools h=4 s=4 | hider=+2.400  (8ep) | seeker=-1.987  (9ep)
Iter 108 | Steps 221184 | Pools h=4 s=4 | hider=+1.788  (9ep) | seeker=-2.265  (8ep)
Iter 109 | Steps 223232 | Pools h=4 s=4 | hider=+1.833  (9ep) | seeker=-2.400  (8ep)
Iter 110 | Steps 225280 | Pools h=4 s=4 | hider=+2.186  (8ep) | seeker=-2.266  (8ep)
Iter 111 | Steps 227328 | Pools h=4 s=4 | hider=+2.215  (8ep) | seeker=-2.400  (8ep)
Iter 112 | Steps 229376 | Pools h=4 s=4 | hider=+2.262  (8ep) | seeker=-2.038  (9ep)
Iter 113 | Steps 231424 | Pools h=4 s=4 | hider=+2.134  (9ep) | seeker=-2.138  (9ep)
Iter 114 | Steps 233472 | Pools h=4 s=4 | hider=+2.132  (9ep) | seeker=-1.876  (9ep)
Iter 115 | Steps 235520 | Pools h=4 s=4 | hider=+1.911  (9ep) | seeker=-2.130  (9ep)
Iter 116 | Steps 237568 | Pools h=4 s=4 | hider=+1.920  (9ep) | seeker=-2.400  (8ep)
Iter 117 | Steps 239616 | Pools h=4 s=4 | hider=+1.476  (10ep) | seeker=-1.961  (9ep)
Iter 118 | Steps 241664 | Pools h=4 s=4 | hider=+2.400  (8ep) | seeker=-2.239  (8ep)
Iter 119 | Steps 243712 | Pools h=4 s=4 | hider=+2.400  (8ep) | seeker=-2.157  (9ep)
Iter 120 | Steps 245760 | Pools h=4 s=4 | hider=+1.796  (9ep) | seeker=-2.272  (8ep)
Iter 121 | Steps 247808 | Pools h=4 s=4 | hider=+2.400  (8ep) | seeker=-2.400  (8ep)
Iter 122 | Steps 249856 | Pools h=4 s=4 | hider=+2.400  (8ep) | seeker=-2.237  (8ep)
Iter 123 | Steps 251904 | Pools h=4 s=4 | hider=+1.990  (9ep) | seeker=-2.400  (8ep)
Iter 124 | Steps 253952 | Pools h=4 s=4 | hider=+2.027  (8ep) | seeker=-2.110  (9ep)
Iter 125 | Steps 256000 | Pools h=4 s=4 | hider=+2.400  (8ep) | seeker=-1.869  (9ep)
Iter 126 | Steps 258048 | Pools h=4 s=4 | hider=+2.102  (9ep) | seeker=-2.400  (8ep)
Iter 127 | Steps 260096 | Pools h=4 s=4 | hider=+2.400  (8ep) | seeker=-2.119  (9ep)
Iter 128 | Steps 262144 | Pools h=4 s=4 | hider=+1.961  (9ep) | seeker=-2.142  (9ep)
Iter 129 | Steps 264192 | Pools h=4 s=4 | hider=+2.159  (8ep) | seeker=-1.657  (10ep)
Iter 130 | Steps 266240 | Pools h=4 s=4 | hider=+1.856  (9ep) | seeker=-2.017  (8ep)
Iter 131 | Steps 268288 | Pools h=4 s=4 | hider=+1.830  (9ep) | seeker=-2.237  (8ep)
Iter 132 | Steps 270336 | Pools h=4 s=4 | hider=+1.537  (10ep) | seeker=-2.400  (8ep)
Iter 133 | Steps 272384 | Pools h=4 s=4 | hider=+1.542  (10ep) | seeker=-2.186  (8ep)
Iter 134 | Steps 274432 | Pools h=4 s=4 | hider=+1.699  (10ep) | seeker=-1.927  (9ep)
Iter 135 | Steps 276480 | Pools h=4 s=4 | hider=+1.906  (9ep) | seeker=-2.400  (8ep)
Iter 136 | Steps 278528 | Pools h=4 s=4 | hider=+2.084  (9ep) | seeker=-2.400  (8ep)
Iter 137 | Steps 280576 | Pools h=4 s=4 | hider=+2.222  (8ep) | seeker=-1.602  (10ep)
Iter 138 | Steps 282624 | Pools h=4 s=4 | hider=+1.956  (9ep) | seeker=-2.400  (8ep)
Iter 139 | Steps 284672 | Pools h=4 s=4 | hider=+2.200  (8ep) | seeker=-2.400  (8ep)
Iter 140 | Steps 286720 | Pools h=4 s=4 | hider=+2.400  (8ep) | seeker=-2.400  (8ep)
Iter 141 | Steps 288768 | Pools h=4 s=4 | hider=+2.204  (8ep) | seeker=-2.400  (8ep)
Iter 142 | Steps 290816 | Pools h=4 s=4 | hider=+2.176  (8ep) | seeker=-2.177  (8ep)
Iter 143 | Steps 292864 | Pools h=4 s=4 | hider=+2.140  (9ep) | seeker=-1.813  (9ep)
Iter 144 | Steps 294912 | Pools h=4 s=4 | hider=+1.557  (10ep) | seeker=-2.400  (8ep)
Iter 145 | Steps 296960 | Pools h=4 s=4 | hider=+2.400  (8ep) | seeker=-1.956  (9ep)
Iter 146 | Steps 299008 | Pools h=4 s=4 | hider=+1.991  (9ep) | seeker=-2.400  (8ep)
Iter 147 | Steps 301056 | Pools h=4 s=4 | hider=+1.988  (9ep) | seeker=-2.400  (8ep)
Iter 148 | Steps 303104 | Pools h=4 s=4 | hider=+1.451  (10ep) | seeker=-2.400  (8ep)
Iter 149 | Steps 305152 | Pools h=4 s=4 | hider=+1.992  (9ep) | seeker=-2.177  (8ep)
Iter 150 | Steps 307200 | Pools h=4 s=4 | hider=+1.909  (9ep) | seeker=-2.029  (8ep)
Iter 151 | Steps 309248 | Pools h=4 s=4 | hider=+1.687  (10ep) | seeker=-1.963  (9ep)
Iter 152 | Steps 311296 | Pools h=4 s=4 | hider=+2.400  (8ep) | seeker=-2.082  (9ep)
Iter 153 | Steps 313344 | Pools h=4 s=4 | hider=+2.164  (8ep) | seeker=-2.199  (8ep)
Iter 154 | Steps 315392 | Pools h=4 s=4 | hider=+1.953  (9ep) | seeker=-2.400  (8ep)
Iter 155 | Steps 317440 | Pools h=4 s=4 | hider=+1.903  (9ep) | seeker=-2.400  (8ep)
Iter 156 | Steps 319488 | Pools h=4 s=4 | hider=+1.929  (9ep) | seeker=-2.400  (8ep)
Iter 157 | Steps 321536 | Pools h=4 s=4 | hider=+2.400  (8ep) | seeker=-2.119  (9ep)
Iter 158 | Steps 323584 | Pools h=4 s=4 | hider=+2.047  (9ep) | seeker=-1.505  (10ep)
Iter 159 | Steps 325632 | Pools h=4 s=4 | hider=+2.118  (9ep) | seeker=-2.108  (9ep)
Iter 160 | Steps 327680 | Pools h=4 s=4 | hider=+1.838  (10ep) | seeker=-2.400  (8ep)
Iter 161 | Steps 329728 | Pools h=4 s=4 | hider=+2.139  (8ep) | seeker=-2.144  (9ep)
Iter 162 | Steps 331776 | Pools h=4 s=4 | hider=+2.400  (8ep) | seeker=-2.158  (9ep)
Iter 163 | Steps 333824 | Pools h=4 s=4 | hider=+1.727  (10ep) | seeker=-2.190  (8ep)
Iter 164 | Steps 335872 | Pools h=4 s=4 | hider=+1.909  (9ep) | seeker=-2.400  (8ep)
Iter 165 | Steps 337920 | Pools h=4 s=4 | hider=+2.270  (8ep) | seeker=-2.400  (8ep)
Iter 166 | Steps 339968 | Pools h=4 s=4 | hider=+2.237  (8ep) | seeker=-2.096  (9ep)
Iter 167 | Steps 342016 | Pools h=4 s=4 | hider=+2.177  (8ep) | seeker=-1.970  (9ep)
Iter 168 | Steps 344064 | Pools h=4 s=4 | hider=+2.260  (8ep) | seeker=-2.156  (8ep)
Iter 169 | Steps 346112 | Pools h=4 s=4 | hider=+2.040  (9ep) | seeker=-2.162  (9ep)
Iter 170 | Steps 348160 | Pools h=4 s=4 | hider=+1.427  (11ep) | seeker=-2.145  (8ep)
Iter 171 | Steps 350208 | Pools h=4 s=4 | hider=+2.265  (8ep) | seeker=-1.928  (9ep)
Iter 172 | Steps 352256 | Pools h=4 s=4 | hider=+2.400  (8ep) | seeker=-2.120  (9ep)
Iter 173 | Steps 354304 | Pools h=4 s=4 | hider=+2.400  (8ep) | seeker=-2.400  (8ep)
Iter 174 | Steps 356352 | Pools h=4 s=4 | hider=+2.400  (8ep) | seeker=-2.109  (9ep)
Iter 175 | Steps 358400 | Pools h=4 s=4 | hider=+2.400  (8ep) | seeker=-1.927  (9ep)
Iter 176 | Steps 360448 | Pools h=4 s=4 | hider=+2.400  (8ep) | seeker=-1.740  (10ep)
Iter 177 | Steps 362496 | Pools h=4 s=4 | hider=+2.400  (8ep) | seeker=-1.693  (9ep)
Iter 178 | Steps 364544 | Pools h=4 s=4 | hider=+2.157  (8ep) | seeker=-2.400  (8ep)
Iter 179 | Steps 366592 | Pools h=4 s=4 | hider=+1.792  (9ep) | seeker=-2.136  (8ep)
Iter 180 | Steps 368640 | Pools h=4 s=4 | hider=+2.232  (8ep) | seeker=-2.078  (9ep)
Iter 181 | Steps 370688 | Pools h=4 s=4 | hider=+2.235  (8ep) | seeker=-1.677  (9ep)
Iter 182 | Steps 372736 | Pools h=4 s=4 | hider=+2.162  (8ep) | seeker=-1.484  (10ep)
Iter 183 | Steps 374784 | Pools h=4 s=4 | hider=+1.721  (9ep) | seeker=-2.202  (8ep)
Iter 184 | Steps 376832 | Pools h=4 s=4 | hider=+1.923  (9ep) | seeker=-2.400  (8ep)
Iter 185 | Steps 378880 | Pools h=4 s=4 | hider=+2.400  (8ep) | seeker=-2.049  (9ep)
Iter 186 | Steps 380928 | Pools h=4 s=4 | hider=+2.164  (8ep) | seeker=-2.161  (9ep)
Iter 187 | Steps 382976 | Pools h=4 s=4 | hider=+1.914  (9ep) | seeker=-2.205  (8ep)
Iter 188 | Steps 385024 | Pools h=4 s=4 | hider=+1.979  (9ep) | seeker=-2.158  (9ep)
Iter 189 | Steps 387072 | Pools h=4 s=4 | hider=+1.968  (9ep) | seeker=-2.400  (8ep)
Iter 190 | Steps 389120 | Pools h=4 s=4 | hider=+2.147  (9ep) | seeker=-2.116  (9ep)
Iter 191 | Steps 391168 | Pools h=4 s=4 | hider=+1.850  (9ep) | seeker=-2.400  (8ep)
Iter 192 | Steps 393216 | Pools h=4 s=4 | hider=+2.400  (8ep) | seeker=-2.147  (9ep)
Iter 193 | Steps 395264 | Pools h=4 s=4 | hider=+2.400  (8ep) | seeker=-2.400  (8ep)
Iter 194 | Steps 397312 | Pools h=4 s=4 | hider=+2.150  (9ep) | seeker=-2.400  (8ep)
Iter 195 | Steps 399360 | Pools h=4 s=4 | hider=+2.163  (9ep) | seeker=-2.400  (8ep)
Iter 196 | Steps 401408 | Pools h=4 s=4 | hider=+2.151  (9ep) | seeker=-2.187  (8ep)
Iter 197 | Steps 403456 | Pools h=4 s=4 | hider=+1.639  (10ep) | seeker=-2.239  (8ep)
Iter 198 | Steps 405504 | Pools h=4 s=4 | hider=+1.988  (9ep) | seeker=-2.400  (8ep)
Iter 199 | Steps 407552 | Pools h=4 s=4 | hider=+2.400  (8ep) | seeker=-2.154  (9ep)
Iter 200 | Steps 409600 | Pools h=4 s=4 | hider=+1.811  (9ep) | seeker=-2.400  (8ep)
Iter 201 | Steps 411648 | Pools h=4 s=4 | hider=+2.101  (9ep) | seeker=-2.161  (8ep)
Iter 202 | Steps 413696 | Pools h=4 s=4 | hider=+2.400  (8ep) | seeker=-2.400  (8ep)
Iter 203 | Steps 415744 | Pools h=4 s=4 | hider=+1.988  (9ep) | seeker=-2.089  (9ep)
Iter 204 | Steps 417792 | Pools h=4 s=4 | hider=+2.209  (8ep) | seeker=-2.400  (8ep)
Iter 205 | Steps 419840 | Pools h=4 s=4 | hider=+2.400  (8ep) | seeker=-1.866  (9ep)
Iter 206 | Steps 421888 | Pools h=4 s=4 | hider=+2.242  (8ep) | seeker=-2.400  (8ep)
Iter 207 | Steps 423936 | Pools h=4 s=4 | hider=+2.400  (8ep) | seeker=-2.400  (8ep)
Iter 208 | Steps 425984 | Pools h=4 s=4 | hider=+2.215  (8ep) | seeker=-2.166  (8ep)
Iter 209 | Steps 428032 | Pools h=4 s=4 | hider=+1.939  (9ep) | seeker=-2.400  (8ep)
Iter 210 | Steps 430080 | Pools h=4 s=4 | hider=+2.207  (8ep) | seeker=-1.495  (10ep)
Iter 211 | Steps 432128 | Pools h=4 s=4 | hider=+2.266  (8ep) | seeker=-2.400  (8ep)
Iter 212 | Steps 434176 | Pools h=4 s=4 | hider=+2.400  (8ep) | seeker=-1.836  (10ep)
Iter 213 | Steps 436224 | Pools h=4 s=4 | hider=+1.824  (9ep) | seeker=-1.715  (10ep)
Iter 214 | Steps 438272 | Pools h=4 s=4 | hider=+1.912  (9ep) | seeker=-2.137  (9ep)
Iter 215 | Steps 440320 | Pools h=4 s=4 | hider=+2.400  (8ep) | seeker=-2.144  (9ep)
Iter 216 | Steps 442368 | Pools h=4 s=4 | hider=+2.400  (8ep) | seeker=-2.400  (8ep)
Iter 217 | Steps 444416 | Pools h=4 s=4 | hider=+1.904  (9ep) | seeker=-2.400  (8ep)
Iter 218 | Steps 446464 | Pools h=4 s=4 | hider=+2.123  (9ep) | seeker=-2.149  (8ep)
Iter 219 | Steps 448512 | Pools h=4 s=4 | hider=+1.978  (9ep) | seeker=-1.791  (9ep)
Iter 220 | Steps 450560 | Pools h=4 s=4 | hider=+2.400  (8ep) | seeker=-2.159  (8ep)
Iter 221 | Steps 452608 | Pools h=4 s=4 | hider=+2.149  (9ep) | seeker=-2.400  (8ep)
Iter 222 | Steps 454656 | Pools h=4 s=4 | hider=+2.088  (9ep) | seeker=-2.400  (8ep)
Iter 223 | Steps 456704 | Pools h=4 s=4 | hider=+2.145  (8ep) | seeker=-2.400  (8ep)
Iter 224 | Steps 458752 | Pools h=4 s=4 | hider=+2.124  (9ep) | seeker=-2.159  (8ep)
Iter 225 | Steps 460800 | Pools h=4 s=4 | hider=+1.817  (9ep) | seeker=-2.042  (9ep)
Iter 226 | Steps 462848 | Pools h=4 s=4 | hider=+1.984  (9ep) | seeker=-2.400  (8ep)
Iter 227 | Steps 464896 | Pools h=4 s=4 | hider=+1.951  (9ep) | seeker=-2.102  (9ep)
Iter 228 | Steps 466944 | Pools h=4 s=4 | hider=+2.179  (8ep) | seeker=-2.077  (9ep)
Iter 229 | Steps 468992 | Pools h=4 s=4 | hider=+2.045  (8ep) | seeker=-2.184  (8ep)
Iter 230 | Steps 471040 | Pools h=4 s=4 | hider=+2.239  (8ep) | seeker=-2.132  (9ep)
Iter 231 | Steps 473088 | Pools h=4 s=4 | hider=+1.904  (9ep) | seeker=-2.400  (8ep)
Iter 232 | Steps 475136 | Pools h=4 s=4 | hider=+2.039  (8ep) | seeker=-2.254  (8ep)
Iter 233 | Steps 477184 | Pools h=4 s=4 | hider=+2.400  (8ep) | seeker=-2.162  (9ep)
Iter 234 | Steps 479232 | Pools h=4 s=4 | hider=+2.194  (8ep) | seeker=-1.978  (9ep)
Iter 235 | Steps 481280 | Pools h=4 s=4 | hider=+1.720  (10ep) | seeker=-2.185  (8ep)
Iter 236 | Steps 483328 | Pools h=4 s=4 | hider=+2.400  (8ep) | seeker=-2.234  (8ep)
Iter 237 | Steps 485376 | Pools h=4 s=4 | hider=+2.156  (8ep) | seeker=-2.400  (8ep)
Iter 238 | Steps 487424 | Pools h=4 s=4 | hider=+1.849  (9ep) | seeker=-1.960  (9ep)
Iter 239 | Steps 489472 | Pools h=4 s=4 | hider=+2.400  (8ep) | seeker=-2.111  (9ep)
Iter 240 | Steps 491520 | Pools h=4 s=4 | hider=+2.211  (8ep) | seeker=-1.871  (9ep)
Iter 241 | Steps 493568 | Pools h=4 s=4 | hider=+1.892  (9ep) | seeker=-1.710  (10ep)
Iter 242 | Steps 495616 | Pools h=4 s=4 | hider=+2.171  (8ep) | seeker=-1.837  (10ep)
Iter 243 | Steps 497664 | Pools h=4 s=4 | hider=+2.079  (8ep) | seeker=-2.400  (8ep)
Iter 244 | Steps 499712 | Pools h=4 s=4 | hider=+2.196  (8ep) | seeker=-2.154  (8ep)
Iter 245 | Steps 501760 | Pools h=4 s=4 | hider=+1.864  (9ep) | seeker=-1.508  (10ep)
Iter 246 | Steps 503808 | Pools h=4 s=4 | hider=+2.045  (8ep) | seeker=-2.070  (9ep)
Iter 247 | Steps 505856 | Pools h=4 s=4 | hider=+2.400  (8ep) | seeker=-1.973  (9ep)
Iter 248 | Steps 507904 | Pools h=4 s=4 | hider=+2.245  (8ep) | seeker=-2.400  (8ep)
Iter 249 | Steps 509952 | Pools h=4 s=4 | hider=+2.400  (8ep) | seeker=-1.931  (9ep)
Iter 250 | Steps 512000 | Pools h=4 s=4 | hider=+2.080  (9ep) | seeker=-1.970  (9ep)
Iter 251 | Steps 514048 | Pools h=4 s=4 | hider=+2.222  (8ep) | seeker=-1.729  (9ep)
Iter 252 | Steps 516096 | Pools h=4 s=4 | hider=+2.400  (8ep) | seeker=-2.400  (8ep)
Iter 253 | Steps 518144 | Pools h=4 s=4 | hider=+2.114  (9ep) | seeker=-2.400  (8ep)
Iter 254 | Steps 520192 | Pools h=4 s=4 | hider=+2.400  (8ep) | seeker=-2.400  (8ep)
Iter 255 | Steps 522240 | Pools h=4 s=4 | hider=+2.400  (8ep) | seeker=-2.165  (8ep)
Iter 256 | Steps 524288 | Pools h=4 s=4 | hider=+2.201  (8ep) | seeker=-2.240  (8ep)
Iter 257 | Steps 526336 | Pools h=4 s=4 | hider=+2.400  (8ep) | seeker=-2.400  (8ep)
Iter 258 | Steps 528384 | Pools h=4 s=4 | hider=+1.736  (10ep) | seeker=-1.718  (10ep)
Iter 259 | Steps 530432 | Pools h=4 s=4 | hider=+2.239  (8ep) | seeker=-2.400  (8ep)
Iter 260 | Steps 532480 | Pools h=4 s=4 | hider=+2.111  (9ep) | seeker=-1.997  (9ep)
Iter 261 | Steps 534528 | Pools h=4 s=4 | hider=+1.974  (9ep) | seeker=-1.983  (9ep)
Iter 262 | Steps 536576 | Pools h=4 s=4 | hider=+2.204  (8ep) | seeker=-2.400  (8ep)
Iter 263 | Steps 538624 | Pools h=4 s=4 | hider=+2.141  (8ep) | seeker=-2.400  (8ep)
Iter 264 | Steps 540672 | Pools h=4 s=4 | hider=+2.249  (8ep) | seeker=-2.124  (9ep)
Iter 265 | Steps 542720 | Pools h=4 s=4 | hider=+2.184  (8ep) | seeker=-1.933  (9ep)
Iter 266 | Steps 544768 | Pools h=4 s=4 | hider=+2.400  (8ep) | seeker=-2.116  (9ep)
Iter 267 | Steps 546816 | Pools h=4 s=4 | hider=+2.205  (8ep) | seeker=-2.275  (8ep)
Iter 268 | Steps 548864 | Pools h=4 s=4 | hider=+2.400  (8ep) | seeker=-1.969  (9ep)
Iter 269 | Steps 550912 | Pools h=4 s=4 | hider=+2.274  (8ep) | seeker=-1.836  (10ep)
Iter 270 | Steps 552960 | Pools h=4 s=4 | hider=+2.400  (8ep) | seeker=-2.142  (9ep)
Iter 271 | Steps 555008 | Pools h=4 s=4 | hider=+1.987  (9ep) | seeker=-2.098  (9ep)
Iter 272 | Steps 557056 | Pools h=4 s=4 | hider=+1.861  (9ep) | seeker=-2.027  (9ep)
Iter 273 | Steps 559104 | Pools h=4 s=4 | hider=+1.884  (9ep) | seeker=-2.090  (9ep)
Iter 274 | Steps 561152 | Pools h=4 s=4 | hider=+2.400  (8ep) | seeker=-2.189  (8ep)
Iter 275 | Steps 563200 | Pools h=4 s=4 | hider=+2.400  (8ep) | seeker=-2.162  (9ep)
Iter 276 | Steps 565248 | Pools h=4 s=4 | hider=+2.400  (8ep) | seeker=-1.803  (9ep)
Iter 277 | Steps 567296 | Pools h=4 s=4 | hider=+2.114  (9ep) | seeker=-2.038  (9ep)
Iter 278 | Steps 569344 | Pools h=4 s=4 | hider=+2.400  (8ep) | seeker=-1.693  (9ep)
Iter 279 | Steps 571392 | Pools h=4 s=4 | hider=+2.400  (8ep) | seeker=-1.919  (9ep)
Iter 280 | Steps 573440 | Pools h=4 s=4 | hider=+1.907  (9ep) | seeker=-2.070  (8ep)
Iter 281 | Steps 575488 | Pools h=4 s=4 | hider=+2.137  (8ep) | seeker=-1.696  (9ep)
Iter 282 | Steps 577536 | Pools h=4 s=4 | hider=+2.400  (8ep) | seeker=-1.938  (9ep)
Iter 283 | Steps 579584 | Pools h=4 s=4 | hider=+2.400  (8ep) | seeker=-1.949  (9ep)
Iter 284 | Steps 581632 | Pools h=4 s=4 | hider=+1.973  (9ep) | seeker=-1.991  (9ep)
Iter 285 | Steps 583680 | Pools h=4 s=4 | hider=+2.400  (8ep) | seeker=-2.046  (9ep)
Iter 286 | Steps 585728 | Pools h=4 s=4 | hider=+2.271  (8ep) | seeker=-2.400  (8ep)
Iter 287 | Steps 587776 | Pools h=4 s=4 | hider=+2.400  (8ep) | seeker=-2.400  (8ep)
Iter 288 | Steps 589824 | Pools h=4 s=4 | hider=+1.898  (9ep) | seeker=-2.200  (8ep)
Iter 289 | Steps 591872 | Pools h=4 s=4 | hider=+2.255  (8ep) | seeker=-2.400  (8ep)
Iter 290 | Steps 593920 | Pools h=4 s=4 | hider=+2.196  (8ep) | seeker=-1.866  (9ep)
Iter 291 | Steps 595968 | Pools h=4 s=4 | hider=+1.906  (9ep) | seeker=-2.099  (9ep)
Iter 292 | Steps 598016 | Pools h=4 s=4 | hider=+2.400  (8ep) | seeker=-2.108  (9ep)
Iter 293 | Steps 600064 | Pools h=4 s=4 | hider=+2.210  (8ep) | seeker=-1.813  (9ep)
Iter 294 | Steps 602112 | Pools h=4 s=4 | hider=+2.400  (8ep) | seeker=-2.163  (9ep)
Iter 295 | Steps 604160 | Pools h=4 s=4 | hider=+2.072  (8ep) | seeker=-2.097  (9ep)
Iter 296 | Steps 606208 | Pools h=4 s=4 | hider=+2.400  (8ep) | seeker=-1.745  (10ep)
Iter 297 | Steps 608256 | Pools h=4 s=4 | hider=+2.400  (8ep) | seeker=-1.486  (10ep)
Iter 298 | Steps 610304 | Pools h=4 s=4 | hider=+2.017  (9ep) | seeker=-2.400  (8ep)
Iter 299 | Steps 612352 | Pools h=4 s=4 | hider=+2.400  (8ep) | seeker=-2.400  (8ep)
Iter 300 | Steps 614400 | Pools h=4 s=4 | hider=+1.961  (9ep) | seeker=-2.180  (8ep)
Iter 301 | Steps 616448 | Pools h=4 s=4 | hider=+2.231  (8ep) | seeker=-2.185  (8ep)
Iter 302 | Steps 618496 | Pools h=4 s=4 | hider=+1.720  (10ep) | seeker=-1.986  (9ep)
Iter 303 | Steps 620544 | Pools h=4 s=4 | hider=+2.271  (8ep) | seeker=-2.234  (8ep)
Iter 304 | Steps 622592 | Pools h=4 s=4 | hider=+2.067  (9ep) | seeker=-2.136  (8ep)
Iter 305 | Steps 624640 | Pools h=4 s=4 | hider=+2.400  (8ep) | seeker=-2.400  (8ep)
Iter 306 | Steps 626688 | Pools h=4 s=4 | hider=+1.977  (9ep) | seeker=-2.400  (8ep)
Iter 307 | Steps 628736 | Pools h=4 s=4 | hider=+2.140  (8ep) | seeker=-1.870  (9ep)
Iter 308 | Steps 630784 | Pools h=4 s=4 | hider=+2.132  (9ep) | seeker=-2.210  (8ep)
Iter 309 | Steps 632832 | Pools h=4 s=4 | hider=+2.400  (8ep) | seeker=-2.400  (8ep)
Iter 310 | Steps 634880 | Pools h=4 s=4 | hider=+2.162  (8ep) | seeker=-2.400  (8ep)
Iter 311 | Steps 636928 | Pools h=4 s=4 | hider=+2.231  (8ep) | seeker=-1.326* (10ep)
Iter 312 | Steps 638976 | Pools h=5 s=5 | hider=+2.241  (8ep) | seeker=-2.400  (8ep)
Iter 313 | Steps 641024 | Pools h=5 s=5 | hider=+2.150  (8ep) | seeker=-1.445  (10ep)
Iter 314 | Steps 643072 | Pools h=5 s=5 | hider=+1.900  (9ep) | seeker=-1.634  (10ep)
Iter 315 | Steps 645120 | Pools h=5 s=5 | hider=+2.400  (8ep) | seeker=-2.212  (8ep)
Iter 316 | Steps 647168 | Pools h=5 s=5 | hider=+1.869  (9ep) | seeker=-1.930  (9ep)
Iter 317 | Steps 649216 | Pools h=5 s=5 | hider=+2.220  (8ep) | seeker=-2.090  (9ep)
Iter 318 | Steps 651264 | Pools h=5 s=5 | hider=+2.250  (8ep) | seeker=-2.400  (8ep)
Iter 319 | Steps 653312 | Pools h=5 s=5 | hider=+1.748  (9ep) | seeker=-2.175  (8ep)
Iter 320 | Steps 655360 | Pools h=5 s=5 | hider=+1.976  (9ep) | seeker=-2.400  (8ep)
Iter 321 | Steps 657408 | Pools h=5 s=5 | hider=+2.226  (8ep) | seeker=-2.400  (8ep)
Iter 322 | Steps 659456 | Pools h=5 s=5 | hider=+2.400  (8ep) | seeker=-2.400  (8ep)
Iter 323 | Steps 661504 | Pools h=5 s=5 | hider=+1.956  (9ep) | seeker=-1.867  (9ep)
Iter 324 | Steps 663552 | Pools h=5 s=5 | hider=+2.400  (8ep) | seeker=-2.220  (8ep)
Iter 325 | Steps 665600 | Pools h=5 s=5 | hider=+2.227  (8ep) | seeker=-2.400  (8ep)
Iter 326 | Steps 667648 | Pools h=5 s=5 | hider=+1.846  (9ep) | seeker=-2.097  (9ep)
Iter 327 | Steps 669696 | Pools h=5 s=5 | hider=+2.400  (8ep) | seeker=-2.241  (8ep)
Iter 328 | Steps 671744 | Pools h=5 s=5 | hider=+2.216  (8ep) | seeker=-2.140  (8ep)
Iter 329 | Steps 673792 | Pools h=5 s=5 | hider=+2.244  (8ep) | seeker=-2.400  (8ep)
Iter 330 | Steps 675840 | Pools h=5 s=5 | hider=+2.400  (8ep) | seeker=-1.863  (9ep)
Iter 331 | Steps 677888 | Pools h=5 s=5 | hider=+2.141  (9ep) | seeker=-2.139  (8ep)
Iter 332 | Steps 679936 | Pools h=5 s=5 | hider=+2.209  (8ep) | seeker=-2.400  (8ep)
Iter 333 | Steps 681984 | Pools h=5 s=5 | hider=+1.879  (9ep) | seeker=-2.205  (8ep)
Iter 334 | Steps 684032 | Pools h=5 s=5 | hider=+2.400  (8ep) | seeker=-1.960  (9ep)
Iter 335 | Steps 686080 | Pools h=5 s=5 | hider=+2.400  (8ep) | seeker=-1.942  (9ep)
Iter 336 | Steps 688128 | Pools h=5 s=5 | hider=+2.221  (8ep) | seeker=-1.964  (9ep)
Iter 337 | Steps 690176 | Pools h=5 s=5 | hider=+2.400  (8ep) | seeker=-1.794  (9ep)
Iter 338 | Steps 692224 | Pools h=5 s=5 | hider=+2.209  (8ep) | seeker=-2.072  (9ep)
Iter 339 | Steps 694272 | Pools h=5 s=5 | hider=+2.231  (8ep) | seeker=-2.400  (8ep)
Iter 340 | Steps 696320 | Pools h=5 s=5 | hider=+2.400  (8ep) | seeker=-2.161  (9ep)
Iter 341 | Steps 698368 | Pools h=5 s=5 | hider=+1.680  (9ep) | seeker=-1.710  (10ep)
Iter 342 | Steps 700416 | Pools h=5 s=5 | hider=+1.748  (10ep) | seeker=-2.158  (9ep)
Iter 343 | Steps 702464 | Pools h=5 s=5 | hider=+2.215  (8ep) | seeker=-2.062  (8ep)
Iter 344 | Steps 704512 | Pools h=5 s=5 | hider=+2.142  (8ep) | seeker=-2.400  (8ep)
Iter 345 | Steps 706560 | Pools h=5 s=5 | hider=+2.265  (8ep) | seeker=-2.146  (9ep)
Iter 346 | Steps 708608 | Pools h=5 s=5 | hider=+1.949  (9ep) | seeker=-1.839  (9ep)
Iter 347 | Steps 710656 | Pools h=5 s=5 | hider=+2.247  (8ep) | seeker=-1.849  (9ep)
Iter 348 | Steps 712704 | Pools h=5 s=5 | hider=+2.400  (8ep) | seeker=-2.214  (8ep)
Iter 349 | Steps 714752 | Pools h=5 s=5 | hider=+2.159  (9ep) | seeker=-2.144  (9ep)
Iter 350 | Steps 716800 | Pools h=5 s=5 | hider=+2.109  (9ep) | seeker=-1.964  (9ep)
Iter 351 | Steps 718848 | Pools h=5 s=5 | hider=+1.687  (10ep) | seeker=-2.400  (8ep)
Iter 352 | Steps 720896 | Pools h=5 s=5 | hider=+1.742  (10ep) | seeker=-2.167  (8ep)
Iter 353 | Steps 722944 | Pools h=5 s=5 | hider=+2.133  (9ep) | seeker=-2.400  (8ep)
Iter 354 | Steps 724992 | Pools h=5 s=5 | hider=+2.400  (8ep) | seeker=-2.163  (9ep)
Iter 355 | Steps 727040 | Pools h=5 s=5 | hider=+2.400  (8ep) | seeker=-2.400  (8ep)
Iter 356 | Steps 729088 | Pools h=5 s=5 | hider=+1.948  (9ep) | seeker=-2.164  (9ep)
Iter 357 | Steps 731136 | Pools h=5 s=5 | hider=+2.100  (9ep) | seeker=-2.400  (8ep)
Iter 358 | Steps 733184 | Pools h=5 s=5 | hider=+2.072  (9ep) | seeker=-2.121  (9ep)
Iter 359 | Steps 735232 | Pools h=5 s=5 | hider=+1.868  (9ep) | seeker=-2.041  (9ep)
Iter 360 | Steps 737280 | Pools h=5 s=5 | hider=+2.400  (8ep) | seeker=-1.718  (9ep)
Iter 361 | Steps 739328 | Pools h=5 s=5 | hider=+2.245  (8ep) | seeker=-2.141  (8ep)
Iter 362 | Steps 741376 | Pools h=5 s=5 | hider=+1.958  (9ep) | seeker=-2.400  (8ep)
Iter 363 | Steps 743424 | Pools h=5 s=5 | hider=+2.147  (8ep) | seeker=-2.181  (8ep)
Iter 364 | Steps 745472 | Pools h=5 s=5 | hider=+2.108  (9ep) | seeker=-1.908  (9ep)
Iter 365 | Steps 747520 | Pools h=5 s=5 | hider=+2.400  (8ep) | seeker=-2.244  (8ep)
Iter 366 | Steps 749568 | Pools h=5 s=5 | hider=+1.883  (9ep) | seeker=-2.020  (9ep)
Iter 367 | Steps 751616 | Pools h=5 s=5 | hider=+2.400  (8ep) | seeker=-1.854  (9ep)
Iter 368 | Steps 753664 | Pools h=5 s=5 | hider=+2.400  (8ep) | seeker=-1.347  (11ep)
Iter 369 | Steps 755712 | Pools h=5 s=5 | hider=+1.848  (9ep) | seeker=-1.834  (9ep)
Iter 370 | Steps 757760 | Pools h=5 s=5 | hider=+2.205  (8ep) | seeker=-2.400  (8ep)
Iter 371 | Steps 759808 | Pools h=5 s=5 | hider=+2.224  (8ep) | seeker=-1.948  (9ep)
Iter 372 | Steps 761856 | Pools h=5 s=5 | hider=+2.257  (8ep) | seeker=-2.400  (8ep)
Iter 373 | Steps 763904 | Pools h=5 s=5 | hider=+2.400  (8ep) | seeker=-1.978  (9ep)
Iter 374 | Steps 765952 | Pools h=5 s=5 | hider=+2.400  (8ep) | seeker=-2.400  (8ep)
Iter 375 | Steps 768000 | Pools h=5 s=5 | hider=+2.400  (8ep) | seeker=-2.400  (8ep)
Iter 376 | Steps 770048 | Pools h=5 s=5 | hider=+1.863  (9ep) | seeker=-1.643  (10ep)
Iter 377 | Steps 772096 | Pools h=5 s=5 | hider=+2.400  (8ep) | seeker=-1.717  (9ep)
Iter 378 | Steps 774144 | Pools h=5 s=5 | hider=+1.809  (9ep) | seeker=-1.575  (10ep)
Iter 379 | Steps 776192 | Pools h=5 s=5 | hider=+2.259  (8ep) | seeker=-2.115  (8ep)
Iter 380 | Steps 778240 | Pools h=5 s=5 | hider=+1.819  (9ep) | seeker=-1.883  (9ep)
Iter 381 | Steps 780288 | Pools h=5 s=5 | hider=+2.186  (8ep) | seeker=-1.986  (9ep)
Iter 382 | Steps 782336 | Pools h=5 s=5 | hider=+2.400  (8ep) | seeker=-1.953  (9ep)
Iter 383 | Steps 784384 | Pools h=5 s=5 | hider=+2.106  (9ep) | seeker=-1.913  (9ep)
Iter 384 | Steps 786432 | Pools h=5 s=5 | hider=+2.103  (9ep) | seeker=-2.190  (8ep)
Iter 385 | Steps 788480 | Pools h=5 s=5 | hider=+2.400  (8ep) | seeker=-2.154  (9ep)
Iter 386 | Steps 790528 | Pools h=5 s=5 | hider=+2.400  (8ep) | seeker=-2.272  (8ep)
Iter 387 | Steps 792576 | Pools h=5 s=5 | hider=+2.400  (8ep) | seeker=-2.000  (9ep)
Iter 388 | Steps 794624 | Pools h=5 s=5 | hider=+2.240  (8ep) | seeker=-1.827  (9ep)
Iter 389 | Steps 796672 | Pools h=5 s=5 | hider=+1.723  (10ep) | seeker=-2.400  (8ep)
Iter 390 | Steps 798720 | Pools h=5 s=5 | hider=+2.400  (8ep) | seeker=-1.963  (9ep)
Iter 391 | Steps 800768 | Pools h=5 s=5 | hider=+1.813  (9ep) | seeker=-2.086  (9ep)
Iter 392 | Steps 802816 | Pools h=5 s=5 | hider=+2.400  (8ep) | seeker=-1.866  (9ep)
Iter 393 | Steps 804864 | Pools h=5 s=5 | hider=+2.192  (8ep) | seeker=-1.761  (9ep)
Iter 394 | Steps 806912 | Pools h=5 s=5 | hider=+2.111  (9ep) | seeker=-2.083  (9ep)
Iter 395 | Steps 808960 | Pools h=5 s=5 | hider=+2.006  (9ep) | seeker=-1.772  (9ep)
Iter 396 | Steps 811008 | Pools h=5 s=5 | hider=+2.400  (8ep) | seeker=-2.272  (8ep)
Iter 397 | Steps 813056 | Pools h=5 s=5 | hider=+2.151  (9ep) | seeker=-2.400  (8ep)
Iter 398 | Steps 815104 | Pools h=5 s=5 | hider=+2.400  (8ep) | seeker=-1.718  (10ep)
Iter 399 | Steps 817152 | Pools h=5 s=5 | hider=+2.224  (8ep) | seeker=-2.107  (9ep)
Iter 400 | Steps 819200 | Pools h=5 s=5 | hider=+2.400  (8ep) | seeker=-2.400  (8ep)
Iter 401 | Steps 821248 | Pools h=5 s=5 | hider=+1.727  (10ep) | seeker=-2.400  (8ep)
Iter 402 | Steps 823296 | Pools h=5 s=5 | hider=+1.820  (9ep) | seeker=-2.400  (8ep)
Iter 403 | Steps 825344 | Pools h=5 s=5 | hider=+1.909  (9ep) | seeker=-2.030  (8ep)
Iter 404 | Steps 827392 | Pools h=5 s=5 | hider=+2.400  (8ep) | seeker=-2.033  (9ep)
Iter 405 | Steps 829440 | Pools h=5 s=5 | hider=+1.758  (9ep) | seeker=-1.597  (10ep)
Iter 406 | Steps 831488 | Pools h=5 s=5 | hider=+2.054  (8ep) | seeker=-1.968  (9ep)
Iter 407 | Steps 833536 | Pools h=5 s=5 | hider=+2.149  (9ep) | seeker=-2.205  (8ep)
Iter 408 | Steps 835584 | Pools h=5 s=5 | hider=+2.177  (8ep) | seeker=-1.829  (9ep)
Iter 409 | Steps 837632 | Pools h=5 s=5 | hider=+2.400  (8ep) | seeker=-1.730  (9ep)
Iter 410 | Steps 839680 | Pools h=5 s=5 | hider=+2.110  (9ep) | seeker=-2.400  (8ep)
Iter 411 | Steps 841728 | Pools h=5 s=5 | hider=+2.174  (8ep) | seeker=-1.720  (9ep)
Iter 412 | Steps 843776 | Pools h=5 s=5 | hider=+2.219  (8ep) | seeker=-2.400  (8ep)
Iter 413 | Steps 845824 | Pools h=5 s=5 | hider=+2.098  (9ep) | seeker=-1.840  (9ep)
Iter 414 | Steps 847872 | Pools h=5 s=5 | hider=+2.400  (8ep) | seeker=-1.638  (10ep)
Iter 415 | Steps 849920 | Pools h=5 s=5 | hider=+2.033  (9ep) | seeker=-2.050  (8ep)
Iter 416 | Steps 851968 | Pools h=5 s=5 | hider=+2.102  (9ep) | seeker=-2.177  (8ep)
Iter 417 | Steps 854016 | Pools h=5 s=5 | hider=+2.092  (9ep) | seeker=-2.272  (8ep)
Iter 418 | Steps 856064 | Pools h=5 s=5 | hider=+2.202  (8ep) | seeker=-2.262  (8ep)
Iter 419 | Steps 858112 | Pools h=5 s=5 | hider=+1.764  (9ep) | seeker=-1.700  (9ep)
Iter 420 | Steps 860160 | Pools h=5 s=5 | hider=+2.029  (8ep) | seeker=-0.969* (11ep)
Iter 421 | Steps 862208 | Pools h=6 s=6 | hider=+2.072  (9ep) | seeker=-1.808  (9ep)
Iter 422 | Steps 864256 | Pools h=6 s=6 | hider=+1.917  (9ep) | seeker=-2.400  (8ep)
Iter 423 | Steps 866304 | Pools h=6 s=6 | hider=+1.837  (9ep) | seeker=-1.896  (9ep)
Iter 424 | Steps 868352 | Pools h=6 s=6 | hider=+1.877  (9ep) | seeker=-2.157  (9ep)
Iter 425 | Steps 870400 | Pools h=6 s=6 | hider=+2.230  (8ep) | seeker=-1.799  (9ep)
Iter 426 | Steps 872448 | Pools h=6 s=6 | hider=+2.174  (8ep) | seeker=-2.400  (8ep)
Iter 427 | Steps 874496 | Pools h=6 s=6 | hider=+2.400  (8ep) | seeker=-1.542  (9ep)
Iter 428 | Steps 876544 | Pools h=6 s=6 | hider=+2.124  (9ep) | seeker=-1.864  (9ep)
Iter 429 | Steps 878592 | Pools h=6 s=6 | hider=+2.400  (8ep) | seeker=-2.400  (8ep)
Iter 430 | Steps 880640 | Pools h=6 s=6 | hider=+2.091  (9ep) | seeker=-2.047  (8ep)
Iter 431 | Steps 882688 | Pools h=6 s=6 | hider=+2.205  (8ep) | seeker=-2.400  (8ep)
Iter 432 | Steps 884736 | Pools h=6 s=6 | hider=+2.102  (9ep) | seeker=-1.833  (9ep)
Iter 433 | Steps 886784 | Pools h=6 s=6 | hider=+1.319  (10ep) | seeker=-1.880  (9ep)
Iter 434 | Steps 888832 | Pools h=6 s=6 | hider=+2.088  (9ep) | seeker=-1.900  (9ep)
Iter 435 | Steps 890880 | Pools h=6 s=6 | hider=+2.400  (8ep) | seeker=-1.718  (10ep)
Iter 436 | Steps 892928 | Pools h=6 s=6 | hider=+1.933  (9ep) | seeker=-1.525  (10ep)
Iter 437 | Steps 894976 | Pools h=6 s=6 | hider=+2.140  (9ep) | seeker=-1.847  (9ep)
Iter 438 | Steps 897024 | Pools h=6 s=6 | hider=+2.140  (9ep) | seeker=-1.527  (10ep)
Iter 439 | Steps 899072 | Pools h=6 s=6 | hider=+2.081  (9ep) | seeker=-2.400  (8ep)
Iter 440 | Steps 901120 | Pools h=6 s=6 | hider=+2.132  (9ep) | seeker=-2.187  (8ep)
Iter 441 | Steps 903168 | Pools h=6 s=6 | hider=+2.400  (8ep) | seeker=-2.400  (8ep)
Iter 442 | Steps 905216 | Pools h=6 s=6 | hider=+2.400  (8ep) | seeker=-2.400  (8ep)
Iter 443 | Steps 907264 | Pools h=6 s=6 | hider=+1.842  (9ep) | seeker=-1.922  (9ep)
Iter 444 | Steps 909312 | Pools h=6 s=6 | hider=+2.400  (8ep) | seeker=-2.087  (8ep)
Iter 445 | Steps 911360 | Pools h=6 s=6 | hider=+2.261  (8ep) | seeker=-1.903  (9ep)
Iter 446 | Steps 913408 | Pools h=6 s=6 | hider=+2.140  (9ep) | seeker=-2.205  (8ep)
Iter 447 | Steps 915456 | Pools h=6 s=6 | hider=+1.863  (9ep) | seeker=-2.114  (9ep)
Iter 448 | Steps 917504 | Pools h=6 s=6 | hider=+2.204  (8ep) | seeker=-1.475  (11ep)
Iter 449 | Steps 919552 | Pools h=6 s=6 | hider=+2.235  (8ep) | seeker=-2.050  (8ep)
Iter 450 | Steps 921600 | Pools h=6 s=6 | hider=+2.185  (8ep) | seeker=-1.952  (9ep)
Iter 451 | Steps 923648 | Pools h=6 s=6 | hider=+1.929  (9ep) | seeker=-2.140  (8ep)
Iter 452 | Steps 925696 | Pools h=6 s=6 | hider=+1.792  (9ep) | seeker=-1.786  (9ep)
Iter 453 | Steps 927744 | Pools h=6 s=6 | hider=+2.152  (9ep) | seeker=-2.140  (9ep)
Iter 454 | Steps 929792 | Pools h=6 s=6 | hider=+1.880  (9ep) | seeker=-2.108  (9ep)
Iter 455 | Steps 931840 | Pools h=6 s=6 | hider=+2.154  (9ep) | seeker=-2.143  (9ep)
Iter 456 | Steps 933888 | Pools h=6 s=6 | hider=+2.140  (9ep) | seeker=-2.267  (8ep)
Iter 457 | Steps 935936 | Pools h=6 s=6 | hider=+1.901  (9ep) | seeker=-1.802  (9ep)
Iter 458 | Steps 937984 | Pools h=6 s=6 | hider=+2.254  (8ep) | seeker=-2.199  (8ep)
Iter 459 | Steps 940032 | Pools h=6 s=6 | hider=+2.016  (9ep) | seeker=-1.843  (9ep)
Iter 460 | Steps 942080 | Pools h=6 s=6 | hider=+2.029  (8ep) | seeker=-2.019  (9ep)
Iter 461 | Steps 944128 | Pools h=6 s=6 | hider=+1.824  (9ep) | seeker=-2.124  (9ep)
Iter 462 | Steps 946176 | Pools h=6 s=6 | hider=+2.400  (8ep) | seeker=-1.902  (8ep)
Iter 463 | Steps 948224 | Pools h=6 s=6 | hider=+2.235  (8ep) | seeker=-2.064  (9ep)
Iter 464 | Steps 950272 | Pools h=6 s=6 | hider=+2.240  (8ep) | seeker=-1.909  (9ep)
Iter 465 | Steps 952320 | Pools h=6 s=6 | hider=+2.400  (8ep) | seeker=-1.747  (9ep)
Iter 466 | Steps 954368 | Pools h=6 s=6 | hider=+2.400  (8ep) | seeker=-2.012  (9ep)
Iter 467 | Steps 956416 | Pools h=6 s=6 | hider=+1.846  (9ep) | seeker=-2.400  (8ep)
Iter 468 | Steps 958464 | Pools h=6 s=6 | hider=+1.880  (9ep) | seeker=-1.954  (9ep)
Iter 469 | Steps 960512 | Pools h=6 s=6 | hider=+2.150  (8ep) | seeker=-1.682  (10ep)
Iter 470 | Steps 962560 | Pools h=6 s=6 | hider=+2.001  (9ep) | seeker=-2.032  (8ep)
Iter 471 | Steps 964608 | Pools h=6 s=6 | hider=+2.035  (8ep) | seeker=-1.856  (9ep)
Iter 472 | Steps 966656 | Pools h=6 s=6 | hider=+2.400  (8ep) | seeker=-2.109  (9ep)
Iter 473 | Steps 968704 | Pools h=6 s=6 | hider=+2.400  (8ep) | seeker=-1.858  (9ep)
Iter 474 | Steps 970752 | Pools h=6 s=6 | hider=+2.147  (8ep) | seeker=-1.993  (9ep)
Iter 475 | Steps 972800 | Pools h=6 s=6 | hider=+1.869  (9ep) | seeker=-2.160  (8ep)
Iter 476 | Steps 974848 | Pools h=6 s=6 | hider=+2.136  (8ep) | seeker=-1.946  (9ep)
Iter 477 | Steps 976896 | Pools h=6 s=6 | hider=+2.400  (8ep) | seeker=-1.686  (9ep)
Iter 478 | Steps 978944 | Pools h=6 s=6 | hider=+2.400  (8ep) | seeker=-2.162  (9ep)
Iter 479 | Steps 980992 | Pools h=6 s=6 | hider=+2.132  (9ep) | seeker=-1.621  (10ep)
Iter 480 | Steps 983040 | Pools h=6 s=6 | hider=+2.161  (9ep) | seeker=-2.096  (9ep)
Iter 481 | Steps 985088 | Pools h=6 s=6 | hider=+2.234  (8ep) | seeker=-2.400  (8ep)
Iter 482 | Steps 987136 | Pools h=6 s=6 | hider=+2.400  (8ep) | seeker=-1.676  (10ep)
Iter 483 | Steps 989184 | Pools h=6 s=6 | hider=+2.400  (8ep) | seeker=-2.073  (9ep)
Iter 484 | Steps 991232 | Pools h=6 s=6 | hider=+2.036  (9ep) | seeker=-2.400  (8ep)
Iter 485 | Steps 993280 | Pools h=6 s=6 | hider=+2.221  (8ep) | seeker=-1.972  (9ep)
Iter 486 | Steps 995328 | Pools h=6 s=6 | hider=+2.400  (8ep) | seeker=-2.400  (8ep)
Iter 487 | Steps 997376 | Pools h=6 s=6 | hider=+2.400  (8ep) | seeker=-1.899  (9ep)
Iter 488 | Steps 999424 | Pools h=6 s=6 | hider=+1.884  (9ep) | seeker=-2.262  (8ep)
Iter 489 | Steps 1001472 | Pools h=6 s=6 | hider=+1.980  (9ep) | seeker=-2.071  (9ep)
Iter 490 | Steps 1003520 | Pools h=6 s=6 | hider=+2.400  (8ep) | seeker=-2.032  (9ep)
Iter 491 | Steps 1005568 | Pools h=6 s=6 | hider=+2.400  (8ep) | seeker=-2.117  (8ep)
Iter 492 | Steps 1007616 | Pools h=6 s=6 | hider=+2.067  (8ep) | seeker=-2.169  (8ep)
Iter 493 | Steps 1009664 | Pools h=6 s=6 | hider=+1.856  (9ep) | seeker=-2.209  (8ep)
Iter 494 | Steps 1011712 | Pools h=6 s=6 | hider=+2.400  (8ep) | seeker=-2.022  (9ep)
Iter 495 | Steps 1013760 | Pools h=6 s=6 | hider=+2.400  (8ep) | seeker=-2.400  (8ep)
Iter 496 | Steps 1015808 | Pools h=6 s=6 | hider=+2.400  (8ep) | seeker=-1.840  (9ep)
Iter 497 | Steps 1017856 | Pools h=6 s=6 | hider=+1.819  (9ep) | seeker=-2.022  (8ep)
Iter 498 | Steps 1019904 | Pools h=6 s=6 | hider=+2.400  (8ep) | seeker=-2.108  (9ep)
Iter 499 | Steps 1021952 | Pools h=6 s=6 | hider=+2.400  (8ep) | seeker=-1.786  (9ep)
Iter 500 | Steps 1024000 | Pools h=6 s=6 | hider=+1.974  (9ep) | seeker=-1.854  (9ep)
Iter 501 | Steps 1026048 | Pools h=6 s=6 | hider=+2.400  (8ep) | seeker=-2.150  (9ep)
Iter 502 | Steps 1028096 | Pools h=6 s=6 | hider=+2.400  (8ep) | seeker=-1.804  (9ep)
Iter 503 | Steps 1030144 | Pools h=6 s=6 | hider=+2.261  (8ep) | seeker=-2.400  (8ep)
Iter 504 | Steps 1032192 | Pools h=6 s=6 | hider=+2.216  (8ep) | seeker=-1.811  (10ep)
Iter 505 | Steps 1034240 | Pools h=6 s=6 | hider=+2.075  (8ep) | seeker=-2.400  (8ep)
Iter 506 | Steps 1036288 | Pools h=6 s=6 | hider=+2.171  (8ep) | seeker=-2.400  (8ep)
Iter 507 | Steps 1038336 | Pools h=6 s=6 | hider=+2.400  (8ep) | seeker=-2.400  (8ep)
Iter 508 | Steps 1040384 | Pools h=6 s=6 | hider=+2.140  (8ep) | seeker=-2.160  (9ep)
Iter 509 | Steps 1042432 | Pools h=6 s=6 | hider=+2.087  (9ep) | seeker=-2.170  (8ep)
Iter 510 | Steps 1044480 | Pools h=6 s=6 | hider=+2.260  (8ep) | seeker=-1.867  (9ep)
Iter 511 | Steps 1046528 | Pools h=6 s=6 | hider=+2.400  (8ep) | seeker=-2.160  (8ep)
Iter 512 | Steps 1048576 | Pools h=6 s=6 | hider=+1.767  (9ep) | seeker=-2.400  (8ep)
Iter 513 | Steps 1050624 | Pools h=6 s=6 | hider=+2.111  (9ep) | seeker=-2.139  (9ep)
Iter 514 | Steps 1052672 | Pools h=6 s=6 | hider=+2.090  (9ep) | seeker=-2.169  (8ep)
Iter 515 | Steps 1054720 | Pools h=6 s=6 | hider=+1.931  (9ep) | seeker=-2.400  (8ep)
Iter 516 | Steps 1056768 | Pools h=6 s=6 | hider=+2.174  (8ep) | seeker=-2.104  (9ep)
Iter 517 | Steps 1058816 | Pools h=6 s=6 | hider=+1.811  (9ep) | seeker=-2.237  (8ep)
Iter 518 | Steps 1060864 | Pools h=6 s=6 | hider=+2.400  (8ep) | seeker=-1.894  (9ep)
Iter 519 | Steps 1062912 | Pools h=6 s=6 | hider=+2.400  (8ep) | seeker=-2.400  (8ep)
Iter 520 | Steps 1064960 | Pools h=6 s=6 | hider=+2.400  (8ep) | seeker=-2.400  (8ep)
Iter 521 | Steps 1067008 | Pools h=6 s=6 | hider=+2.400  (8ep) | seeker=-2.007  (9ep)
Iter 522 | Steps 1069056 | Pools h=6 s=6 | hider=+1.563  (10ep) | seeker=-2.236  (8ep)
Iter 523 | Steps 1071104 | Pools h=6 s=6 | hider=+2.400  (8ep) | seeker=-2.400  (8ep)
Iter 524 | Steps 1073152 | Pools h=6 s=6 | hider=+1.611  (9ep) | seeker=-2.003  (9ep)
Iter 525 | Steps 1075200 | Pools h=6 s=6 | hider=+2.158  (9ep) | seeker=-1.657  (9ep)
Iter 526 | Steps 1077248 | Pools h=6 s=6 | hider=+1.943  (9ep) | seeker=-2.400  (8ep)
Iter 527 | Steps 1079296 | Pools h=6 s=6 | hider=+2.400  (8ep) | seeker=-1.640  (10ep)
Iter 528 | Steps 1081344 | Pools h=6 s=6 | hider=+2.400  (8ep) | seeker=-2.031  (9ep)
Iter 529 | Steps 1083392 | Pools h=6 s=6 | hider=+2.107  (9ep) | seeker=-2.016  (9ep)
Iter 530 | Steps 1085440 | Pools h=6 s=6 | hider=+2.127  (9ep) | seeker=-2.229  (8ep)
Iter 531 | Steps 1087488 | Pools h=6 s=6 | hider=+2.024  (9ep) | seeker=-1.946  (9ep)
Iter 532 | Steps 1089536 | Pools h=6 s=6 | hider=+2.123  (9ep) | seeker=-2.400  (8ep)
Iter 533 | Steps 1091584 | Pools h=6 s=6 | hider=+2.149  (9ep) | seeker=-2.400  (8ep)
Iter 534 | Steps 1093632 | Pools h=6 s=6 | hider=+2.400  (8ep) | seeker=-1.872  (9ep)
Iter 535 | Steps 1095680 | Pools h=6 s=6 | hider=+2.114  (9ep) | seeker=-2.022  (9ep)
Iter 536 | Steps 1097728 | Pools h=6 s=6 | hider=+2.114  (9ep) | seeker=-1.642  (10ep)
Iter 537 | Steps 1099776 | Pools h=6 s=6 | hider=+2.151  (8ep) | seeker=-2.129  (9ep)
Iter 538 | Steps 1101824 | Pools h=6 s=6 | hider=+2.400  (8ep) | seeker=-1.633  (10ep)
Iter 539 | Steps 1103872 | Pools h=6 s=6 | hider=+2.400  (8ep) | seeker=-2.400  (8ep)
Iter 540 | Steps 1105920 | Pools h=6 s=6 | hider=+2.014  (9ep) | seeker=-1.963  (9ep)
Iter 541 | Steps 1107968 | Pools h=6 s=6 | hider=+2.400  (8ep) | seeker=-2.031  (9ep)
Iter 542 | Steps 1110016 | Pools h=6 s=6 | hider=+2.210  (8ep) | seeker=-1.676  (10ep)
Iter 543 | Steps 1112064 | Pools h=6 s=6 | hider=+2.400  (8ep) | seeker=-1.874  (9ep)
Iter 544 | Steps 1114112 | Pools h=6 s=6 | hider=+2.139  (8ep) | seeker=-2.144  (9ep)
Iter 545 | Steps 1116160 | Pools h=6 s=6 | hider=+2.130  (9ep) | seeker=-2.264  (8ep)
Iter 546 | Steps 1118208 | Pools h=6 s=6 | hider=+2.400  (8ep) | seeker=-2.400  (8ep)
Iter 547 | Steps 1120256 | Pools h=6 s=6 | hider=+1.829  (9ep) | seeker=-1.701  (10ep)
Iter 548 | Steps 1122304 | Pools h=6 s=6 | hider=+2.027  (8ep) | seeker=-2.066  (9ep)
Iter 549 | Steps 1124352 | Pools h=6 s=6 | hider=+1.938  (9ep) | seeker=-2.400  (8ep)
Iter 550 | Steps 1126400 | Pools h=6 s=6 | hider=+2.122  (9ep) | seeker=-2.126  (9ep)
Iter 551 | Steps 1128448 | Pools h=6 s=6 | hider=+2.400  (8ep) | seeker=-1.891  (9ep)
Iter 552 | Steps 1130496 | Pools h=6 s=6 | hider=+1.969  (9ep) | seeker=-2.400  (8ep)
Iter 553 | Steps 1132544 | Pools h=6 s=6 | hider=+2.266  (8ep) | seeker=-2.217  (8ep)
Iter 554 | Steps 1134592 | Pools h=6 s=6 | hider=+2.269  (8ep) | seeker=-2.400  (8ep)
Iter 555 | Steps 1136640 | Pools h=6 s=6 | hider=+2.029  (8ep) | seeker=-1.981  (9ep)
Iter 556 | Steps 1138688 | Pools h=6 s=6 | hider=+2.175  (8ep) | seeker=-1.871  (9ep)
Iter 557 | Steps 1140736 | Pools h=6 s=6 | hider=+2.400  (8ep) | seeker=-2.245  (8ep)
Iter 558 | Steps 1142784 | Pools h=6 s=6 | hider=+2.272  (8ep) | seeker=-2.169  (8ep)
Iter 559 | Steps 1144832 | Pools h=6 s=6 | hider=+2.136  (9ep) | seeker=-2.400  (8ep)
Iter 560 | Steps 1146880 | Pools h=6 s=6 | hider=+2.254  (8ep) | seeker=-1.361  (10ep)
Iter 561 | Steps 1148928 | Pools h=6 s=6 | hider=+2.139  (9ep) | seeker=-1.466  (11ep)
Iter 562 | Steps 1150976 | Pools h=6 s=6 | hider=+2.400  (8ep) | seeker=-1.813  (9ep)
Iter 563 | Steps 1153024 | Pools h=6 s=6 | hider=+1.856  (9ep) | seeker=-2.144  (9ep)
Iter 564 | Steps 1155072 | Pools h=6 s=6 | hider=+1.990  (9ep) | seeker=-2.400  (8ep)
Iter 565 | Steps 1157120 | Pools h=6 s=6 | hider=+2.154  (8ep) | seeker=-2.400  (8ep)
Iter 566 | Steps 1159168 | Pools h=6 s=6 | hider=+2.163  (9ep) | seeker=-2.009  (9ep)
Iter 567 | Steps 1161216 | Pools h=6 s=6 | hider=+1.848  (10ep) | seeker=-1.842  (10ep)
Iter 568 | Steps 1163264 | Pools h=6 s=6 | hider=+2.400  (8ep) | seeker=-2.032  (8ep)
Iter 569 | Steps 1165312 | Pools h=6 s=6 | hider=+2.400  (8ep) | seeker=-2.062  (8ep)
Iter 570 | Steps 1167360 | Pools h=6 s=6 | hider=+2.123  (9ep) | seeker=-1.677  (9ep)
Iter 571 | Steps 1169408 | Pools h=6 s=6 | hider=+2.400  (8ep) | seeker=-2.049  (8ep)
Iter 572 | Steps 1171456 | Pools h=6 s=6 | hider=+2.400  (8ep) | seeker=-1.880  (9ep)
Iter 573 | Steps 1173504 | Pools h=6 s=6 | hider=+2.400  (8ep) | seeker=-1.567  (9ep)
Iter 574 | Steps 1175552 | Pools h=6 s=6 | hider=+2.400  (8ep) | seeker=-2.123  (9ep)
Iter 575 | Steps 1177600 | Pools h=6 s=6 | hider=+2.137  (8ep) | seeker=-1.889  (9ep)
Iter 576 | Steps 1179648 | Pools h=6 s=6 | hider=+2.272  (8ep) | seeker=-1.873  (9ep)
Iter 577 | Steps 1181696 | Pools h=6 s=6 | hider=+2.003  (9ep) | seeker=-2.025  (8ep)
Iter 578 | Steps 1183744 | Pools h=6 s=6 | hider=+2.030  (9ep) | seeker=-1.999  (9ep)
Iter 579 | Steps 1185792 | Pools h=6 s=6 | hider=+2.400  (8ep) | seeker=-2.400  (8ep)
Iter 580 | Steps 1187840 | Pools h=6 s=6 | hider=+2.400  (8ep) | seeker=-2.160  (9ep)
Iter 581 | Steps 1189888 | Pools h=6 s=6 | hider=+2.066  (8ep) | seeker=-1.705  (10ep)
Iter 582 | Steps 1191936 | Pools h=6 s=6 | hider=+2.011  (9ep) | seeker=-2.161  (9ep)
Iter 583 | Steps 1193984 | Pools h=6 s=6 | hider=+2.000  (9ep) | seeker=-2.133  (9ep)
Iter 584 | Steps 1196032 | Pools h=6 s=6 | hider=+2.400  (8ep) | seeker=-2.245  (8ep)
Iter 585 | Steps 1198080 | Pools h=6 s=6 | hider=+2.108  (9ep) | seeker=-1.883  (9ep)
Iter 586 | Steps 1200128 | Pools h=6 s=6 | hider=+2.099  (9ep) | seeker=-2.400  (8ep)
Iter 587 | Steps 1202176 | Pools h=6 s=6 | hider=+2.400  (8ep) | seeker=-2.136  (9ep)
Iter 588 | Steps 1204224 | Pools h=6 s=6 | hider=+2.221  (8ep) | seeker=-2.069  (9ep)
Iter 589 | Steps 1206272 | Pools h=6 s=6 | hider=+2.400  (8ep) | seeker=-2.006  (9ep)
Iter 590 | Steps 1208320 | Pools h=6 s=6 | hider=+1.993  (9ep) | seeker=-1.712  (9ep)
Iter 591 | Steps 1210368 | Pools h=6 s=6 | hider=+2.400  (8ep) | seeker=-2.157  (8ep)
Iter 592 | Steps 1212416 | Pools h=6 s=6 | hider=+2.017  (9ep) | seeker=-1.575  (10ep)
Iter 593 | Steps 1214464 | Pools h=6 s=6 | hider=+2.231  (8ep) | seeker=-1.798  (9ep)
Iter 594 | Steps 1216512 | Pools h=6 s=6 | hider=+1.809  (9ep) | seeker=-2.400  (8ep)
Iter 595 | Steps 1218560 | Pools h=6 s=6 | hider=+2.169  (8ep) | seeker=-1.442  (10ep)
Iter 596 | Steps 1220608 | Pools h=6 s=6 | hider=+2.400  (8ep) | seeker=-2.113  (9ep)
Iter 597 | Steps 1222656 | Pools h=6 s=6 | hider=+2.400  (8ep) | seeker=-1.704  (10ep)
Iter 598 | Steps 1224704 | Pools h=6 s=6 | hider=+2.244  (8ep) | seeker=-2.400  (8ep)
Iter 599 | Steps 1226752 | Pools h=6 s=6 | hider=+2.167  (8ep) | seeker=-2.400  (8ep)
Iter 600 | Steps 1228800 | Pools h=6 s=6 | hider=+2.400  (8ep) | seeker=-1.687  (9ep)
Iter 601 | Steps 1230848 | Pools h=6 s=6 | hider=+2.400  (8ep) | seeker=-1.717  (9ep)
Iter 602 | Steps 1232896 | Pools h=6 s=6 | hider=+2.400  (8ep) | seeker=-1.722  (10ep)
Iter 603 | Steps 1234944 | Pools h=6 s=6 | hider=+2.041  (9ep) | seeker=-1.921  (9ep)
Iter 604 | Steps 1236992 | Pools h=6 s=6 | hider=+1.717  (10ep) | seeker=-1.942  (9ep)
Iter 605 | Steps 1239040 | Pools h=6 s=6 | hider=+2.400  (8ep) | seeker=-2.150  (8ep)
Iter 606 | Steps 1241088 | Pools h=6 s=6 | hider=+2.400  (8ep) | seeker=-1.921  (9ep)
Iter 607 | Steps 1243136 | Pools h=6 s=6 | hider=+2.400  (8ep) | seeker=-2.240  (8ep)
Iter 608 | Steps 1245184 | Pools h=6 s=6 | hider=+2.265  (8ep) | seeker=-1.462  (10ep)
Iter 609 | Steps 1247232 | Pools h=6 s=6 | hider=+2.165  (8ep) | seeker=-2.053  (9ep)
Iter 610 | Steps 1249280 | Pools h=6 s=6 | hider=+2.240  (8ep) | seeker=-2.400  (8ep)
Iter 611 | Steps 1251328 | Pools h=6 s=6 | hider=+2.400  (8ep) | seeker=-1.692  (10ep)
Iter 612 | Steps 1253376 | Pools h=6 s=6 | hider=+2.177  (8ep) | seeker=-2.010  (9ep)
Iter 613 | Steps 1255424 | Pools h=6 s=6 | hider=+2.400  (8ep) | seeker=-2.244  (8ep)
Iter 614 | Steps 1257472 | Pools h=6 s=6 | hider=+2.036  (8ep) | seeker=-2.400  (8ep)
Iter 615 | Steps 1259520 | Pools h=6 s=6 | hider=+2.400  (8ep) | seeker=-2.156  (9ep)
Iter 616 | Steps 1261568 | Pools h=6 s=6 | hider=+2.154  (8ep) | seeker=-2.230  (8ep)
Iter 617 | Steps 1263616 | Pools h=6 s=6 | hider=+2.260  (8ep) | seeker=-2.400  (8ep)
Iter 618 | Steps 1265664 | Pools h=6 s=6 | hider=+2.400  (8ep) | seeker=-2.252  (8ep)
Iter 619 | Steps 1267712 | Pools h=6 s=6 | hider=+2.400  (8ep) | seeker=-2.015  (8ep)
Iter 620 | Steps 1269760 | Pools h=6 s=6 | hider=+1.972  (9ep) | seeker=-1.999  (9ep)
Iter 621 | Steps 1271808 | Pools h=6 s=6 | hider=+1.580  (10ep) | seeker=-2.190  (8ep)
Iter 622 | Steps 1273856 | Pools h=6 s=6 | hider=+2.234  (8ep) | seeker=-1.481  (10ep)
Iter 623 | Steps 1275904 | Pools h=6 s=6 | hider=+2.101  (9ep) | seeker=-1.872  (9ep)
Iter 624 | Steps 1277952 | Pools h=6 s=6 | hider=+2.091  (9ep) | seeker=-2.265  (8ep)
Iter 625 | Steps 1280000 | Pools h=6 s=6 | hider=+2.400  (8ep) | seeker=-1.661  (9ep)
Iter 626 | Steps 1282048 | Pools h=6 s=6 | hider=+2.400  (8ep) | seeker=-2.211  (8ep)
Iter 627 | Steps 1284096 | Pools h=6 s=6 | hider=+2.030  (9ep) | seeker=-2.145  (8ep)
Iter 628 | Steps 1286144 | Pools h=6 s=6 | hider=+1.809  (9ep) | seeker=-2.247  (8ep)
Iter 629 | Steps 1288192 | Pools h=6 s=6 | hider=+1.822  (9ep) | seeker=-2.100  (9ep)
Iter 630 | Steps 1290240 | Pools h=6 s=6 | hider=+2.122  (9ep) | seeker=-2.113  (9ep)
Iter 631 | Steps 1292288 | Pools h=6 s=6 | hider=+2.400  (8ep) | seeker=-2.257  (8ep)
Iter 632 | Steps 1294336 | Pools h=6 s=6 | hider=+2.197  (8ep) | seeker=-2.400  (8ep)
Iter 633 | Steps 1296384 | Pools h=6 s=6 | hider=+2.400  (8ep) | seeker=-1.909  (9ep)
Iter 634 | Steps 1298432 | Pools h=6 s=6 | hider=+1.888  (9ep) | seeker=-1.998  (9ep)
Iter 635 | Steps 1300480 | Pools h=6 s=6 | hider=+1.950  (9ep) | seeker=-2.400  (8ep)
Iter 636 | Steps 1302528 | Pools h=6 s=6 | hider=+2.132  (9ep) | seeker=-2.400  (8ep)
Iter 637 | Steps 1304576 | Pools h=6 s=6 | hider=+2.205  (8ep) | seeker=-1.700  (10ep)
Iter 638 | Steps 1306624 | Pools h=6 s=6 | hider=+2.400  (8ep) | seeker=-2.400  (8ep)
Iter 639 | Steps 1308672 | Pools h=6 s=6 | hider=+1.891  (9ep) | seeker=-1.572  (10ep)
Iter 640 | Steps 1310720 | Pools h=6 s=6 | hider=+2.400  (8ep) | seeker=-2.124  (9ep)
Iter 641 | Steps 1312768 | Pools h=6 s=6 | hider=+2.106  (9ep) | seeker=-2.171  (8ep)
Iter 642 | Steps 1314816 | Pools h=6 s=6 | hider=+2.400  (8ep) | seeker=-1.428  (10ep)
Iter 643 | Steps 1316864 | Pools h=6 s=6 | hider=+2.045  (8ep) | seeker=-2.084  (9ep)
Iter 644 | Steps 1318912 | Pools h=6 s=6 | hider=+1.731  (9ep) | seeker=-1.918  (9ep)
Iter 645 | Steps 1320960 | Pools h=6 s=6 | hider=+2.400  (8ep) | seeker=-2.400  (8ep)
Iter 646 | Steps 1323008 | Pools h=6 s=6 | hider=+2.247  (8ep) | seeker=-1.844  (9ep)
Iter 647 | Steps 1325056 | Pools h=6 s=6 | hider=+2.400  (8ep) | seeker=-2.400  (8ep)
Iter 648 | Steps 1327104 | Pools h=6 s=6 | hider=+2.212  (8ep) | seeker=-1.863  (9ep)
Iter 649 | Steps 1329152 | Pools h=6 s=6 | hider=+2.400  (8ep) | seeker=-2.400  (8ep)
Iter 650 | Steps 1331200 | Pools h=6 s=6 | hider=+2.202  (8ep) | seeker=-1.609  (10ep)
Iter 651 | Steps 1333248 | Pools h=6 s=6 | hider=+2.400  (8ep) | seeker=-1.824  (9ep)
Iter 652 | Steps 1335296 | Pools h=6 s=6 | hider=+2.400  (8ep) | seeker=-1.869  (9ep)
Iter 653 | Steps 1337344 | Pools h=6 s=6 | hider=+2.400  (8ep) | seeker=-2.177  (8ep)
Iter 654 | Steps 1339392 | Pools h=6 s=6 | hider=+1.844  (9ep) | seeker=-1.741  (10ep)
Iter 655 | Steps 1341440 | Pools h=6 s=6 | hider=+1.956  (9ep) | seeker=-2.400  (8ep)
Iter 656 | Steps 1343488 | Pools h=6 s=6 | hider=+1.940  (9ep) | seeker=-2.027  (8ep)
Iter 657 | Steps 1345536 | Pools h=6 s=6 | hider=+2.155  (8ep) | seeker=-2.163  (9ep)
Iter 658 | Steps 1347584 | Pools h=6 s=6 | hider=+1.743  (9ep) | seeker=-1.667  (10ep)
Iter 659 | Steps 1349632 | Pools h=6 s=6 | hider=+2.123  (9ep) | seeker=-1.790  (9ep)
Iter 660 | Steps 1351680 | Pools h=6 s=6 | hider=+2.265  (8ep) | seeker=-1.781  (9ep)
Iter 661 | Steps 1353728 | Pools h=6 s=6 | hider=+1.968  (9ep) | seeker=-2.400  (8ep)
Iter 662 | Steps 1355776 | Pools h=6 s=6 | hider=+2.400  (8ep) | seeker=-2.219  (8ep)
Iter 663 | Steps 1357824 | Pools h=6 s=6 | hider=+1.938  (9ep) | seeker=-1.900  (9ep)
Iter 664 | Steps 1359872 | Pools h=6 s=6 | hider=+2.245  (8ep) | seeker=-1.890  (9ep)
Iter 665 | Steps 1361920 | Pools h=6 s=6 | hider=+2.110  (9ep) | seeker=-1.929  (9ep)
Iter 666 | Steps 1363968 | Pools h=6 s=6 | hider=+2.154  (9ep) | seeker=-2.400  (8ep)
Iter 667 | Steps 1366016 | Pools h=6 s=6 | hider=+2.113  (9ep) | seeker=-2.100  (9ep)
Iter 668 | Steps 1368064 | Pools h=6 s=6 | hider=+2.400  (8ep) | seeker=-2.156  (9ep)
Iter 669 | Steps 1370112 | Pools h=6 s=6 | hider=+2.400  (8ep) | seeker=-2.129  (9ep)
Iter 670 | Steps 1372160 | Pools h=6 s=6 | hider=+2.400  (8ep) | seeker=-1.709  (10ep)
Iter 671 | Steps 1374208 | Pools h=6 s=6 | hider=+2.144  (8ep) | seeker=-2.400  (8ep)
Iter 672 | Steps 1376256 | Pools h=6 s=6 | hider=+2.053  (9ep) | seeker=-1.867  (9ep)
Iter 673 | Steps 1378304 | Pools h=6 s=6 | hider=+2.400  (8ep) | seeker=-2.400  (8ep)
Iter 674 | Steps 1380352 | Pools h=6 s=6 | hider=+2.400  (8ep) | seeker=-2.227  (8ep)
Iter 675 | Steps 1382400 | Pools h=6 s=6 | hider=+2.242  (8ep) | seeker=-1.999  (9ep)
Iter 676 | Steps 1384448 | Pools h=6 s=6 | hider=+2.400  (8ep) | seeker=-2.154  (8ep)
Iter 677 | Steps 1386496 | Pools h=6 s=6 | hider=+2.021  (9ep) | seeker=-1.884  (9ep)
Iter 678 | Steps 1388544 | Pools h=6 s=6 | hider=+2.186  (8ep) | seeker=-2.212  (8ep)
Iter 679 | Steps 1390592 | Pools h=6 s=6 | hider=+2.262  (8ep) | seeker=-1.551  (10ep)
Iter 680 | Steps 1392640 | Pools h=6 s=6 | hider=+2.400  (8ep) | seeker=-2.023  (9ep)
Iter 681 | Steps 1394688 | Pools h=6 s=6 | hider=+2.159  (9ep) | seeker=-1.699  (9ep)
Iter 682 | Steps 1396736 | Pools h=6 s=6 | hider=+2.400  (8ep) | seeker=-2.220  (8ep)
Iter 683 | Steps 1398784 | Pools h=6 s=6 | hider=+2.400  (8ep) | seeker=-2.051  (8ep)
Iter 684 | Steps 1400832 | Pools h=6 s=6 | hider=+2.149  (8ep) | seeker=-1.718  (10ep)
Iter 685 | Steps 1402880 | Pools h=6 s=6 | hider=+2.400  (8ep) | seeker=-2.137  (9ep)
Iter 686 | Steps 1404928 | Pools h=6 s=6 | hider=+2.103  (9ep) | seeker=-1.872  (9ep)
Iter 687 | Steps 1406976 | Pools h=6 s=6 | hider=+2.102  (9ep) | seeker=-1.475  (10ep)
Iter 688 | Steps 1409024 | Pools h=6 s=6 | hider=+2.400  (8ep) | seeker=-2.400  (8ep)
Iter 689 | Steps 1411072 | Pools h=6 s=6 | hider=+1.819  (9ep) | seeker=-2.400  (8ep)
Iter 690 | Steps 1413120 | Pools h=6 s=6 | hider=+2.400  (8ep) | seeker=-2.107  (9ep)
Iter 691 | Steps 1415168 | Pools h=6 s=6 | hider=+2.400  (8ep) | seeker=-2.156  (9ep)
Iter 692 | Steps 1417216 | Pools h=6 s=6 | hider=+2.164  (8ep) | seeker=-2.077  (9ep)
Iter 693 | Steps 1419264 | Pools h=6 s=6 | hider=+2.270  (8ep) | seeker=-1.788  (9ep)
Iter 694 | Steps 1421312 | Pools h=6 s=6 | hider=+2.189  (8ep) | seeker=-2.400  (8ep)
Iter 695 | Steps 1423360 | Pools h=6 s=6 | hider=+1.926  (9ep) | seeker=-1.884  (9ep)
Iter 696 | Steps 1425408 | Pools h=6 s=6 | hider=+2.138  (9ep) | seeker=-1.822  (9ep)
Iter 697 | Steps 1427456 | Pools h=6 s=6 | hider=+2.250  (8ep) | seeker=-1.843  (10ep)
Iter 698 | Steps 1429504 | Pools h=6 s=6 | hider=+1.907  (9ep) | seeker=-2.049  (9ep)
Iter 699 | Steps 1431552 | Pools h=6 s=6 | hider=+2.400  (8ep) | seeker=-2.155  (8ep)
Iter 700 | Steps 1433600 | Pools h=6 s=6 | hider=+2.400  (8ep) | seeker=-1.866  (9ep)
Iter 701 | Steps 1435648 | Pools h=6 s=6 | hider=+2.400  (8ep) | seeker=-1.893  (9ep)
Iter 702 | Steps 1437696 | Pools h=6 s=6 | hider=+2.400  (8ep) | seeker=-2.035  (8ep)
Iter 703 | Steps 1439744 | Pools h=6 s=6 | hider=+2.201  (8ep) | seeker=-2.205  (8ep)
Iter 704 | Steps 1441792 | Pools h=6 s=6 | hider=+2.136  (8ep) | seeker=-2.096  (9ep)
Iter 705 | Steps 1443840 | Pools h=6 s=6 | hider=+2.400  (8ep) | seeker=-1.507  (10ep)
Iter 706 | Steps 1445888 | Pools h=6 s=6 | hider=+2.160  (9ep) | seeker=-2.400  (8ep)
Iter 707 | Steps 1447936 | Pools h=6 s=6 | hider=+2.151  (8ep) | seeker=-2.080  (9ep)
Iter 708 | Steps 1449984 | Pools h=6 s=6 | hider=+1.625  (10ep) | seeker=-2.113  (9ep)
Iter 709 | Steps 1452032 | Pools h=6 s=6 | hider=+2.141  (8ep) | seeker=-1.957  (9ep)
Iter 710 | Steps 1454080 | Pools h=6 s=6 | hider=+2.269  (8ep) | seeker=-1.943  (9ep)
Iter 711 | Steps 1456128 | Pools h=6 s=6 | hider=+2.136  (9ep) | seeker=-2.220  (8ep)
Iter 712 | Steps 1458176 | Pools h=6 s=6 | hider=+2.400  (8ep) | seeker=-2.029  (8ep)
Iter 713 | Steps 1460224 | Pools h=6 s=6 | hider=+2.244  (8ep) | seeker=-1.831  (9ep)
Iter 714 | Steps 1462272 | Pools h=6 s=6 | hider=+2.121  (9ep) | seeker=-1.581  (10ep)
Iter 715 | Steps 1464320 | Pools h=6 s=6 | hider=+2.400  (8ep) | seeker=-1.691  (9ep)
Iter 716 | Steps 1466368 | Pools h=6 s=6 | hider=+1.926  (9ep) | seeker=-2.048  (9ep)
Iter 717 | Steps 1468416 | Pools h=6 s=6 | hider=+2.241  (8ep) | seeker=-2.236  (8ep)
Iter 718 | Steps 1470464 | Pools h=6 s=6 | hider=+2.224  (8ep) | seeker=-1.808  (9ep)
Iter 719 | Steps 1472512 | Pools h=6 s=6 | hider=+1.693  (9ep) | seeker=-1.313  (10ep)
Iter 720 | Steps 1474560 | Pools h=6 s=6 | hider=+2.079  (9ep) | seeker=-1.942  (8ep)
Iter 721 | Steps 1476608 | Pools h=6 s=6 | hider=+2.106  (9ep) | seeker=-1.411  (10ep)
Iter 722 | Steps 1478656 | Pools h=6 s=6 | hider=+2.139  (8ep) | seeker=-2.216  (8ep)
Iter 723 | Steps 1480704 | Pools h=6 s=6 | hider=+2.400  (8ep) | seeker=-2.137  (8ep)
Iter 724 | Steps 1482752 | Pools h=6 s=6 | hider=+2.400  (8ep) | seeker=-1.786  (9ep)
Iter 725 | Steps 1484800 | Pools h=6 s=6 | hider=+2.400  (8ep) | seeker=-2.181  (8ep)
Iter 726 | Steps 1486848 | Pools h=6 s=6 | hider=+2.162  (9ep) | seeker=-2.400  (8ep)
Iter 727 | Steps 1488896 | Pools h=6 s=6 | hider=+2.261  (8ep) | seeker=-1.440  (10ep)
Iter 728 | Steps 1490944 | Pools h=6 s=6 | hider=+2.112  (9ep) | seeker=-1.550  (10ep)
Iter 729 | Steps 1492992 | Pools h=6 s=6 | hider=+2.151  (8ep) | seeker=-1.405  (10ep)
Iter 730 | Steps 1495040 | Pools h=6 s=6 | hider=+2.400  (8ep) | seeker=-1.872  (9ep)
Iter 731 | Steps 1497088 | Pools h=6 s=6 | hider=+2.400  (8ep) | seeker=-1.251  (11ep)
Iter 732 | Steps 1499136 | Pools h=6 s=6 | hider=+1.877  (9ep) | seeker=-2.400  (8ep)
Iter 733 | Steps 1501184 | Pools h=6 s=6 | hider=+2.400  (8ep) | seeker=-2.177  (8ep)
Iter 734 | Steps 1503232 | Pools h=6 s=6 | hider=+2.400  (8ep) | seeker=-1.732  (10ep)
Iter 735 | Steps 1505280 | Pools h=6 s=6 | hider=+2.400  (8ep) | seeker=-1.727  (9ep)
Iter 736 | Steps 1507328 | Pools h=6 s=6 | hider=+2.175  (8ep) | seeker=-1.784  (9ep)
Iter 737 | Steps 1509376 | Pools h=6 s=6 | hider=+2.400  (8ep) | seeker=-2.400  (8ep)
Iter 738 | Steps 1511424 | Pools h=6 s=6 | hider=+2.138  (9ep) | seeker=-2.400  (8ep)
Iter 739 | Steps 1513472 | Pools h=6 s=6 | hider=+2.400  (8ep) | seeker=-1.609  (10ep)
Iter 740 | Steps 1515520 | Pools h=6 s=6 | hider=+2.122  (9ep) | seeker=-2.400  (8ep)
Iter 741 | Steps 1517568 | Pools h=6 s=6 | hider=+2.182  (8ep) | seeker=-2.400  (8ep)
Iter 742 | Steps 1519616 | Pools h=6 s=6 | hider=+2.400  (8ep) | seeker=-2.400  (8ep)
Iter 743 | Steps 1521664 | Pools h=6 s=6 | hider=+1.807  (9ep) | seeker=-1.614  (10ep)
Iter 744 | Steps 1523712 | Pools h=6 s=6 | hider=+1.999  (9ep) | seeker=-1.827  (9ep)
Iter 745 | Steps 1525760 | Pools h=6 s=6 | hider=+2.400  (8ep) | seeker=-1.505  (10ep)
Iter 746 | Steps 1527808 | Pools h=6 s=6 | hider=+2.232  (8ep) | seeker=-1.625  (10ep)
Iter 747 | Steps 1529856 | Pools h=6 s=6 | hider=+2.400  (8ep) | seeker=-2.400  (8ep)
Iter 748 | Steps 1531904 | Pools h=6 s=6 | hider=+2.137  (8ep) | seeker=-2.161  (8ep)
Iter 749 | Steps 1533952 | Pools h=6 s=6 | hider=+2.400  (8ep) | seeker=-2.179  (8ep)
Iter 750 | Steps 1536000 | Pools h=6 s=6 | hider=+2.224  (8ep) | seeker=-1.733  (10ep)
Iter 751 | Steps 1538048 | Pools h=6 s=6 | hider=+2.400  (8ep) | seeker=-1.391  (10ep)
Iter 752 | Steps 1540096 | Pools h=6 s=6 | hider=+2.211  (8ep) | seeker=-2.400  (8ep)
Iter 753 | Steps 1542144 | Pools h=6 s=6 | hider=+2.077  (9ep) | seeker=-1.822  (10ep)
Iter 754 | Steps 1544192 | Pools h=6 s=6 | hider=+2.400  (8ep) | seeker=-1.987  (9ep)
Iter 755 | Steps 1546240 | Pools h=6 s=6 | hider=+2.400  (8ep) | seeker=-2.157  (9ep)
Iter 756 | Steps 1548288 | Pools h=6 s=6 | hider=+2.400  (8ep) | seeker=-1.906  (9ep)
Iter 757 | Steps 1550336 | Pools h=6 s=6 | hider=+2.400  (8ep) | seeker=-1.960  (9ep)
Iter 758 | Steps 1552384 | Pools h=6 s=6 | hider=+2.237  (8ep) | seeker=-1.633  (10ep)
Iter 759 | Steps 1554432 | Pools h=6 s=6 | hider=+2.226  (8ep) | seeker=-2.400  (8ep)
Iter 760 | Steps 1556480 | Pools h=6 s=6 | hider=+2.206  (8ep) | seeker=-1.407  (10ep)
Iter 761 | Steps 1558528 | Pools h=6 s=6 | hider=+2.149  (9ep) | seeker=-1.850  (9ep)
Iter 762 | Steps 1560576 | Pools h=6 s=6 | hider=+2.116  (9ep) | seeker=-1.973  (9ep)
Iter 763 | Steps 1562624 | Pools h=6 s=6 | hider=+2.400  (8ep) | seeker=-2.030  (9ep)
Iter 764 | Steps 1564672 | Pools h=6 s=6 | hider=+2.138  (9ep) | seeker=-2.031  (9ep)
Iter 765 | Steps 1566720 | Pools h=6 s=6 | hider=+2.400  (8ep) | seeker=-2.400  (8ep)
Iter 766 | Steps 1568768 | Pools h=6 s=6 | hider=+1.883  (9ep) | seeker=-1.520  (10ep)
Iter 767 | Steps 1570816 | Pools h=6 s=6 | hider=+2.207  (8ep) | seeker=-2.400  (8ep)
Iter 768 | Steps 1572864 | Pools h=6 s=6 | hider=+1.598  (9ep) | seeker=-1.979  (9ep)
Iter 769 | Steps 1574912 | Pools h=6 s=6 | hider=+2.222  (8ep) | seeker=-1.978  (9ep)
Iter 770 | Steps 1576960 | Pools h=6 s=6 | hider=+2.400  (8ep) | seeker=-2.400  (8ep)
Iter 771 | Steps 1579008 | Pools h=6 s=6 | hider=+2.146  (9ep) | seeker=-1.366  (10ep)
Iter 772 | Steps 1581056 | Pools h=6 s=6 | hider=+2.139  (9ep) | seeker=-1.797  (9ep)
Iter 773 | Steps 1583104 | Pools h=6 s=6 | hider=+2.400  (8ep) | seeker=-1.423  (10ep)
Iter 774 | Steps 1585152 | Pools h=6 s=6 | hider=+2.400  (8ep) | seeker=-1.793  (9ep)
Iter 775 | Steps 1587200 | Pools h=6 s=6 | hider=+2.138  (9ep) | seeker=-1.646  (10ep)
Iter 776 | Steps 1589248 | Pools h=6 s=6 | hider=+1.931  (9ep) | seeker=-1.898  (9ep)
Iter 777 | Steps 1591296 | Pools h=6 s=6 | hider=+2.185  (8ep) | seeker=-2.052  (9ep)
Iter 778 | Steps 1593344 | Pools h=6 s=6 | hider=+2.054  (8ep) | seeker=-1.732  (10ep)
Iter 779 | Steps 1595392 | Pools h=6 s=6 | hider=+2.400  (8ep) | seeker=-1.981  (9ep)
Iter 780 | Steps 1597440 | Pools h=6 s=6 | hider=+2.104  (9ep) | seeker=-1.992  (9ep)
Iter 781 | Steps 1599488 | Pools h=6 s=6 | hider=+2.400  (8ep) | seeker=-2.119  (9ep)
Iter 782 | Steps 1601536 | Pools h=6 s=6 | hider=+1.959  (9ep) | seeker=-2.400  (8ep)
Iter 783 | Steps 1603584 | Pools h=6 s=6 | hider=+2.400  (8ep) | seeker=-2.093  (9ep)
Iter 784 | Steps 1605632 | Pools h=6 s=6 | hider=+2.118  (9ep) | seeker=-2.255  (8ep)
Iter 785 | Steps 1607680 | Pools h=6 s=6 | hider=+2.206  (8ep) | seeker=-2.114  (9ep)
Iter 786 | Steps 1609728 | Pools h=6 s=6 | hider=+2.400  (8ep) | seeker=-1.724  (10ep)
Iter 787 | Steps 1611776 | Pools h=6 s=6 | hider=+2.400  (8ep) | seeker=-1.728  (9ep)
Iter 788 | Steps 1613824 | Pools h=6 s=6 | hider=+2.400  (8ep) | seeker=-2.400  (8ep)
Iter 789 | Steps 1615872 | Pools h=6 s=6 | hider=+2.123  (9ep) | seeker=-1.720  (9ep)
Iter 790 | Steps 1617920 | Pools h=6 s=6 | hider=+2.224  (8ep) | seeker=-1.657  (9ep)
Iter 791 | Steps 1619968 | Pools h=6 s=6 | hider=+2.229  (8ep) | seeker=-1.190  (12ep)
Iter 792 | Steps 1622016 | Pools h=6 s=6 | hider=+2.106  (9ep) | seeker=-1.797  (9ep)
Iter 793 | Steps 1624064 | Pools h=6 s=6 | hider=+2.148  (9ep) | seeker=-1.893  (9ep)
Iter 794 | Steps 1626112 | Pools h=6 s=6 | hider=+1.740  (9ep) | seeker=-2.021  (9ep)
Iter 795 | Steps 1628160 | Pools h=6 s=6 | hider=+2.400  (8ep) | seeker=-2.199  (8ep)
Iter 796 | Steps 1630208 | Pools h=6 s=6 | hider=+2.124  (9ep) | seeker=-1.452  (10ep)
Iter 797 | Steps 1632256 | Pools h=6 s=6 | hider=+2.141  (9ep) | seeker=-2.042  (9ep)
Iter 798 | Steps 1634304 | Pools h=6 s=6 | hider=+2.222  (8ep) | seeker=-2.146  (8ep)
Iter 799 | Steps 1636352 | Pools h=6 s=6 | hider=+2.400  (8ep) | seeker=-1.958  (9ep)
Iter 800 | Steps 1638400 | Pools h=6 s=6 | hider=+1.967  (9ep) | seeker=-1.998  (9ep)
Iter 801 | Steps 1640448 | Pools h=6 s=6 | hider=+2.140  (9ep) | seeker=-1.618  (10ep)
Iter 802 | Steps 1642496 | Pools h=6 s=6 | hider=+2.400  (8ep) | seeker=-1.897  (9ep)
Iter 803 | Steps 1644544 | Pools h=6 s=6 | hider=+1.967  (9ep) | seeker=-1.598  (10ep)
Iter 804 | Steps 1646592 | Pools h=6 s=6 | hider=+2.400  (8ep) | seeker=-2.064  (9ep)
Iter 805 | Steps 1648640 | Pools h=6 s=6 | hider=+2.400  (8ep) | seeker=-1.736  (10ep)
Iter 806 | Steps 1650688 | Pools h=6 s=6 | hider=+2.181  (8ep) | seeker=-2.184  (8ep)
Iter 807 | Steps 1652736 | Pools h=6 s=6 | hider=+2.167  (8ep) | seeker=-1.937  (9ep)
Iter 808 | Steps 1654784 | Pools h=6 s=6 | hider=+2.400  (8ep) | seeker=-1.725  (10ep)
Iter 809 | Steps 1656832 | Pools h=6 s=6 | hider=+2.400  (8ep) | seeker=-2.086  (9ep)
Iter 810 | Steps 1658880 | Pools h=6 s=6 | hider=+2.400  (8ep) | seeker=-1.455  (11ep)
Iter 811 | Steps 1660928 | Pools h=6 s=6 | hider=+2.221  (8ep) | seeker=-1.703  (9ep)
Iter 812 | Steps 1662976 | Pools h=6 s=6 | hider=+2.142  (8ep) | seeker=-1.698  (9ep)
Iter 813 | Steps 1665024 | Pools h=6 s=6 | hider=+2.400  (8ep) | seeker=-2.129  (9ep)
Iter 814 | Steps 1667072 | Pools h=6 s=6 | hider=+2.104  (9ep) | seeker=-1.801  (9ep)
Iter 815 | Steps 1669120 | Pools h=6 s=6 | hider=+2.018  (9ep) | seeker=-1.323  (11ep)
Iter 816 | Steps 1671168 | Pools h=6 s=6 | hider=+2.147  (9ep) | seeker=-1.725  (10ep)
Iter 817 | Steps 1673216 | Pools h=6 s=6 | hider=+2.400  (8ep) | seeker=-2.177  (8ep)
Iter 818 | Steps 1675264 | Pools h=6 s=6 | hider=+2.257  (8ep) | seeker=-1.698  (9ep)
Iter 819 | Steps 1677312 | Pools h=6 s=6 | hider=+2.400  (8ep) | seeker=-1.543  (10ep)
Iter 820 | Steps 1679360 | Pools h=6 s=6 | hider=+2.400  (8ep) | seeker=-1.969  (9ep)
Iter 821 | Steps 1681408 | Pools h=6 s=6 | hider=+2.219  (8ep) | seeker=-1.702  (9ep)
Iter 822 | Steps 1683456 | Pools h=6 s=6 | hider=+1.898  (9ep) | seeker=-1.609  (10ep)
Iter 823 | Steps 1685504 | Pools h=6 s=6 | hider=+1.966  (9ep) | seeker=-2.140  (8ep)
Iter 824 | Steps 1687552 | Pools h=6 s=6 | hider=+2.400  (8ep) | seeker=-1.445  (10ep)
Iter 825 | Steps 1689600 | Pools h=6 s=6 | hider=+2.244  (8ep) | seeker=-1.550  (10ep)
Iter 826 | Steps 1691648 | Pools h=6 s=6 | hider=+2.400  (8ep) | seeker=-1.120  (11ep)
Iter 827 | Steps 1693696 | Pools h=6 s=6 | hider=+1.843  (9ep) | seeker=-0.942* (11ep)
Iter 828 | Steps 1695744 | Pools h=7 s=7 | hider=+2.400  (8ep) | seeker=-2.237  (8ep)
Iter 829 | Steps 1697792 | Pools h=7 s=7 | hider=+1.917  (9ep) | seeker=-1.211  (11ep)
Iter 830 | Steps 1699840 | Pools h=7 s=7 | hider=+2.110  (9ep) | seeker=-1.710  (10ep)
Iter 831 | Steps 1701888 | Pools h=7 s=7 | hider=+2.153  (9ep) | seeker=-1.691  (9ep)
Iter 832 | Steps 1703936 | Pools h=7 s=7 | hider=+2.400  (8ep) | seeker=-1.849  (9ep)
Iter 833 | Steps 1705984 | Pools h=7 s=7 | hider=+2.217  (8ep) | seeker=-1.814  (9ep)
Iter 834 | Steps 1708032 | Pools h=7 s=7 | hider=+2.400  (8ep) | seeker=-1.849  (9ep)
Iter 835 | Steps 1710080 | Pools h=7 s=7 | hider=+2.400  (8ep) | seeker=-1.715  (10ep)
Iter 836 | Steps 1712128 | Pools h=7 s=7 | hider=+1.920  (9ep) | seeker=-1.896  (9ep)
Iter 837 | Steps 1714176 | Pools h=7 s=7 | hider=+2.141  (8ep) | seeker=-1.604  (10ep)
Iter 838 | Steps 1716224 | Pools h=7 s=7 | hider=+2.241  (8ep) | seeker=-1.881  (9ep)
Iter 839 | Steps 1718272 | Pools h=7 s=7 | hider=+2.189  (8ep) | seeker=-1.120  (12ep)
Iter 840 | Steps 1720320 | Pools h=7 s=7 | hider=+2.216  (8ep) | seeker=-1.982  (9ep)
Iter 841 | Steps 1722368 | Pools h=7 s=7 | hider=+2.400  (8ep) | seeker=-1.288  (11ep)
Iter 842 | Steps 1724416 | Pools h=7 s=7 | hider=+1.730  (9ep) | seeker=-1.566  (10ep)
Iter 843 | Steps 1726464 | Pools h=7 s=7 | hider=+2.270  (8ep) | seeker=-1.364  (11ep)
Iter 844 | Steps 1728512 | Pools h=7 s=7 | hider=+2.262  (8ep) | seeker=-1.626  (10ep)
Iter 845 | Steps 1730560 | Pools h=7 s=7 | hider=+2.181  (8ep) | seeker=-2.035  (8ep)
Iter 846 | Steps 1732608 | Pools h=7 s=7 | hider=+2.400  (8ep) | seeker=-2.077  (8ep)
Iter 847 | Steps 1734656 | Pools h=7 s=7 | hider=+2.400  (8ep) | seeker=-1.410  (10ep)
Iter 848 | Steps 1736704 | Pools h=7 s=7 | hider=+2.400  (8ep) | seeker=-1.910  (9ep)
Iter 849 | Steps 1738752 | Pools h=7 s=7 | hider=+2.272  (8ep) | seeker=-1.928  (9ep)
Iter 850 | Steps 1740800 | Pools h=7 s=7 | hider=+2.151  (8ep) | seeker=-1.746  (10ep)
Iter 851 | Steps 1742848 | Pools h=7 s=7 | hider=+2.158  (9ep) | seeker=-2.400  (8ep)
Iter 852 | Steps 1744896 | Pools h=7 s=7 | hider=+1.936  (9ep) | seeker=-1.694  (9ep)
Iter 853 | Steps 1746944 | Pools h=7 s=7 | hider=+2.202  (8ep) | seeker=-1.647  (10ep)
Iter 854 | Steps 1748992 | Pools h=7 s=7 | hider=+2.400  (8ep) | seeker=-1.746  (10ep)
Iter 855 | Steps 1751040 | Pools h=7 s=7 | hider=+2.157  (9ep) | seeker=-1.672  (10ep)
Iter 856 | Steps 1753088 | Pools h=7 s=7 | hider=+1.872  (9ep) | seeker=-1.900  (9ep)
Iter 857 | Steps 1755136 | Pools h=7 s=7 | hider=+2.149  (8ep) | seeker=-1.284  (11ep)
Iter 858 | Steps 1757184 | Pools h=7 s=7 | hider=+1.882  (9ep) | seeker=-1.913  (9ep)
Iter 859 | Steps 1759232 | Pools h=7 s=7 | hider=+2.400  (8ep) | seeker=-1.843  (9ep)
Iter 860 | Steps 1761280 | Pools h=7 s=7 | hider=+2.400  (8ep) | seeker=-2.156  (9ep)
Iter 861 | Steps 1763328 | Pools h=7 s=7 | hider=+1.881  (9ep) | seeker=-1.180  (12ep)
Iter 862 | Steps 1765376 | Pools h=7 s=7 | hider=+2.124  (9ep) | seeker=-1.659  (9ep)
Iter 863 | Steps 1767424 | Pools h=7 s=7 | hider=+2.000  (9ep) | seeker=-1.244  (11ep)
Iter 864 | Steps 1769472 | Pools h=7 s=7 | hider=+1.990  (9ep) | seeker=-1.686  (9ep)
Iter 865 | Steps 1771520 | Pools h=7 s=7 | hider=+2.142  (8ep) | seeker=-1.693  (9ep)
Iter 866 | Steps 1773568 | Pools h=7 s=7 | hider=+2.400  (8ep) | seeker=-0.981  (12ep)
Iter 867 | Steps 1775616 | Pools h=7 s=7 | hider=+2.132  (9ep) | seeker=-1.946  (9ep)
Iter 868 | Steps 1777664 | Pools h=7 s=7 | hider=+2.400  (8ep) | seeker=-1.862  (9ep)
Iter 869 | Steps 1779712 | Pools h=7 s=7 | hider=+2.400  (8ep) | seeker=-1.779  (9ep)
Iter 870 | Steps 1781760 | Pools h=7 s=7 | hider=+2.234  (8ep) | seeker=-1.713  (9ep)
Iter 871 | Steps 1783808 | Pools h=7 s=7 | hider=+2.400  (8ep) | seeker=-1.576  (10ep)
Iter 872 | Steps 1785856 | Pools h=7 s=7 | hider=+2.400  (8ep) | seeker=-2.076  (9ep)
Iter 873 | Steps 1787904 | Pools h=7 s=7 | hider=+2.009  (9ep) | seeker=-1.687  (9ep)
Iter 874 | Steps 1789952 | Pools h=7 s=7 | hider=+1.836  (9ep) | seeker=-2.160  (8ep)
Iter 875 | Steps 1792000 | Pools h=7 s=7 | hider=+2.259  (8ep) | seeker=-1.745  (10ep)
Iter 876 | Steps 1794048 | Pools h=7 s=7 | hider=+1.857  (9ep) | seeker=-1.446  (10ep)
Iter 877 | Steps 1796096 | Pools h=7 s=7 | hider=+1.976  (9ep) | seeker=-1.993  (9ep)
Iter 878 | Steps 1798144 | Pools h=7 s=7 | hider=+2.152  (9ep) | seeker=-1.756  (9ep)
Iter 879 | Steps 1800192 | Pools h=7 s=7 | hider=+2.204  (8ep) | seeker=-1.420  (10ep)
Iter 880 | Steps 1802240 | Pools h=7 s=7 | hider=+2.400  (8ep) | seeker=-1.998  (9ep)
Iter 881 | Steps 1804288 | Pools h=7 s=7 | hider=+2.400  (8ep) | seeker=-1.646  (9ep)
Iter 882 | Steps 1806336 | Pools h=7 s=7 | hider=+2.400  (8ep) | seeker=-1.670  (9ep)
Iter 883 | Steps 1808384 | Pools h=7 s=7 | hider=+2.191  (8ep) | seeker=-1.245  (10ep)
Iter 884 | Steps 1810432 | Pools h=7 s=7 | hider=+2.113  (9ep) | seeker=-1.498  (10ep)
Iter 885 | Steps 1812480 | Pools h=7 s=7 | hider=+2.096  (9ep) | seeker=-1.671  (9ep)
Iter 886 | Steps 1814528 | Pools h=7 s=7 | hider=+2.400  (8ep) | seeker=-1.456  (11ep)
Iter 887 | Steps 1816576 | Pools h=7 s=7 | hider=+2.400  (8ep) | seeker=-1.712  (9ep)
Iter 888 | Steps 1818624 | Pools h=7 s=7 | hider=+2.400  (8ep) | seeker=-2.130  (9ep)
Iter 889 | Steps 1820672 | Pools h=7 s=7 | hider=+2.400  (8ep) | seeker=-1.633  (10ep)
Iter 890 | Steps 1822720 | Pools h=7 s=7 | hider=+1.860  (9ep) | seeker=-1.625  (10ep)
Iter 891 | Steps 1824768 | Pools h=7 s=7 | hider=+2.157  (9ep) | seeker=-1.474  (10ep)
Iter 892 | Steps 1826816 | Pools h=7 s=7 | hider=+2.400  (8ep) | seeker=-1.857  (9ep)
Iter 893 | Steps 1828864 | Pools h=7 s=7 | hider=+2.400  (8ep) | seeker=-1.569  (10ep)
Iter 894 | Steps 1830912 | Pools h=7 s=7 | hider=+2.187  (8ep) | seeker=-1.639  (10ep)
Iter 895 | Steps 1832960 | Pools h=7 s=7 | hider=+2.262  (8ep) | seeker=-1.584  (9ep)
Iter 896 | Steps 1835008 | Pools h=7 s=7 | hider=+2.110  (9ep) | seeker=-1.850  (9ep)
Iter 897 | Steps 1837056 | Pools h=7 s=7 | hider=+2.159  (8ep) | seeker=-1.723  (10ep)
Iter 898 | Steps 1839104 | Pools h=7 s=7 | hider=+1.871  (9ep) | seeker=-1.733  (10ep)
Iter 899 | Steps 1841152 | Pools h=7 s=7 | hider=+2.073  (9ep) | seeker=-1.508  (10ep)
Iter 900 | Steps 1843200 | Pools h=7 s=7 | hider=+2.400  (8ep) | seeker=-1.352  (11ep)
Iter 901 | Steps 1845248 | Pools h=7 s=7 | hider=+2.400  (8ep) | seeker=-2.197  (8ep)
Iter 902 | Steps 1847296 | Pools h=7 s=7 | hider=+2.029  (8ep) | seeker=-1.042  (12ep)
Iter 903 | Steps 1849344 | Pools h=7 s=7 | hider=+2.140  (8ep) | seeker=-2.400  (8ep)
Iter 904 | Steps 1851392 | Pools h=7 s=7 | hider=+2.098  (9ep) | seeker=-1.299  (10ep)
Iter 905 | Steps 1853440 | Pools h=7 s=7 | hider=+2.400  (8ep) | seeker=-1.432  (10ep)
Iter 906 | Steps 1855488 | Pools h=7 s=7 | hider=+2.002  (9ep) | seeker=-1.921  (9ep)
Iter 907 | Steps 1857536 | Pools h=7 s=7 | hider=+2.092  (9ep) | seeker=-1.309  (10ep)
Iter 908 | Steps 1859584 | Pools h=7 s=7 | hider=+2.400  (8ep) | seeker=-1.250  (10ep)
Iter 909 | Steps 1861632 | Pools h=7 s=7 | hider=+2.190  (8ep) | seeker=-1.471  (10ep)
Iter 910 | Steps 1863680 | Pools h=7 s=7 | hider=+2.038  (9ep) | seeker=-1.618  (10ep)
Iter 911 | Steps 1865728 | Pools h=7 s=7 | hider=+2.400  (8ep) | seeker=-1.859  (9ep)
Iter 912 | Steps 1867776 | Pools h=7 s=7 | hider=+2.003  (9ep) | seeker=-1.402  (10ep)
Iter 913 | Steps 1869824 | Pools h=7 s=7 | hider=+2.400  (8ep) | seeker=-2.103  (9ep)
Iter 914 | Steps 1871872 | Pools h=7 s=7 | hider=+2.140  (9ep) | seeker=-1.777  (9ep)
Iter 915 | Steps 1873920 | Pools h=7 s=7 | hider=+2.400  (8ep) | seeker=-2.220  (8ep)
Iter 916 | Steps 1875968 | Pools h=7 s=7 | hider=+2.146  (9ep) | seeker=-1.704  (10ep)
Iter 917 | Steps 1878016 | Pools h=7 s=7 | hider=+2.259  (8ep) | seeker=-1.399  (10ep)
Iter 918 | Steps 1880064 | Pools h=7 s=7 | hider=+1.607  (9ep) | seeker=-1.265  (11ep)
Iter 919 | Steps 1882112 | Pools h=7 s=7 | hider=+2.002  (9ep) | seeker=-1.961  (9ep)
Iter 920 | Steps 1884160 | Pools h=7 s=7 | hider=+2.221  (8ep) | seeker=-1.907  (9ep)
Iter 921 | Steps 1886208 | Pools h=7 s=7 | hider=+2.400  (8ep) | seeker=-1.991  (9ep)
Iter 922 | Steps 1888256 | Pools h=7 s=7 | hider=+1.988  (9ep) | seeker=-1.879  (9ep)
Iter 923 | Steps 1890304 | Pools h=7 s=7 | hider=+2.400  (8ep) | seeker=-1.534  (10ep)
Iter 924 | Steps 1892352 | Pools h=7 s=7 | hider=+2.400  (8ep) | seeker=-2.400  (8ep)
Iter 925 | Steps 1894400 | Pools h=7 s=7 | hider=+2.400  (8ep) | seeker=-1.728  (10ep)
Iter 926 | Steps 1896448 | Pools h=7 s=7 | hider=+2.154  (8ep) | seeker=-1.416  (10ep)
Iter 927 | Steps 1898496 | Pools h=7 s=7 | hider=+2.231  (8ep) | seeker=-1.620  (10ep)
Iter 928 | Steps 1900544 | Pools h=7 s=7 | hider=+1.567  (10ep) | seeker=-1.604  (9ep)
Iter 929 | Steps 1902592 | Pools h=7 s=7 | hider=+2.400  (8ep) | seeker=-2.149  (8ep)
Iter 930 | Steps 1904640 | Pools h=7 s=7 | hider=+2.130  (9ep) | seeker=-1.752  (9ep)
Iter 931 | Steps 1906688 | Pools h=7 s=7 | hider=+2.021  (8ep) | seeker=-1.545  (10ep)
Iter 932 | Steps 1908736 | Pools h=7 s=7 | hider=+2.246  (8ep) | seeker=-1.944  (9ep)
Iter 933 | Steps 1910784 | Pools h=7 s=7 | hider=+2.400  (8ep) | seeker=-1.105  (11ep)
Iter 934 | Steps 1912832 | Pools h=7 s=7 | hider=+2.214  (8ep) | seeker=-1.946  (9ep)
Iter 935 | Steps 1914880 | Pools h=7 s=7 | hider=+2.400  (8ep) | seeker=-1.571  (10ep)
Iter 936 | Steps 1916928 | Pools h=7 s=7 | hider=+1.967  (9ep) | seeker=-1.212  (11ep)
Iter 937 | Steps 1918976 | Pools h=7 s=7 | hider=+1.976  (9ep) | seeker=-1.187  (11ep)
Iter 938 | Steps 1921024 | Pools h=7 s=7 | hider=+2.400  (8ep) | seeker=-1.075  (11ep)
Iter 939 | Steps 1923072 | Pools h=7 s=7 | hider=+2.109  (9ep) | seeker=-2.400  (8ep)
Iter 940 | Steps 1925120 | Pools h=7 s=7 | hider=+2.400  (8ep) | seeker=-1.684  (10ep)
Iter 941 | Steps 1927168 | Pools h=7 s=7 | hider=+2.400  (8ep) | seeker=-1.350  (11ep)
Iter 942 | Steps 1929216 | Pools h=7 s=7 | hider=+2.400  (8ep) | seeker=-1.631  (10ep)
Iter 943 | Steps 1931264 | Pools h=7 s=7 | hider=+2.400  (8ep) | seeker=-2.051  (8ep)
Iter 944 | Steps 1933312 | Pools h=7 s=7 | hider=+2.160  (8ep) | seeker=-1.631  (10ep)
Iter 945 | Steps 1935360 | Pools h=7 s=7 | hider=+2.142  (9ep) | seeker=-1.746  (9ep)
Iter 946 | Steps 1937408 | Pools h=7 s=7 | hider=+2.149  (8ep) | seeker=-1.968  (9ep)
Iter 947 | Steps 1939456 | Pools h=7 s=7 | hider=+2.400  (8ep) | seeker=-1.438  (10ep)
Iter 948 | Steps 1941504 | Pools h=7 s=7 | hider=+2.130  (9ep) | seeker=-1.357  (11ep)
Iter 949 | Steps 1943552 | Pools h=7 s=7 | hider=+2.174  (8ep) | seeker=-1.858  (9ep)
Iter 950 | Steps 1945600 | Pools h=7 s=7 | hider=+1.816  (9ep) | seeker=-1.892  (9ep)
Iter 951 | Steps 1947648 | Pools h=7 s=7 | hider=+2.066  (8ep) | seeker=-2.240  (8ep)
Iter 952 | Steps 1949696 | Pools h=7 s=7 | hider=+2.114  (9ep) | seeker=-1.804  (9ep)
Iter 953 | Steps 1951744 | Pools h=7 s=7 | hider=+2.400  (8ep) | seeker=-2.129  (9ep)
Iter 954 | Steps 1953792 | Pools h=7 s=7 | hider=+2.108  (9ep) | seeker=-2.170  (8ep)
Iter 955 | Steps 1955840 | Pools h=7 s=7 | hider=+2.400  (8ep) | seeker=-1.271  (12ep)
Iter 956 | Steps 1957888 | Pools h=7 s=7 | hider=+2.137  (9ep) | seeker=-2.036  (8ep)
Iter 957 | Steps 1959936 | Pools h=7 s=7 | hider=+2.400  (8ep) | seeker=-1.704  (9ep)
Iter 958 | Steps 1961984 | Pools h=7 s=7 | hider=+1.958  (9ep) | seeker=-1.989  (9ep)
Iter 959 | Steps 1964032 | Pools h=7 s=7 | hider=+1.824  (9ep) | seeker=-1.449  (10ep)
Iter 960 | Steps 1966080 | Pools h=7 s=7 | hider=+2.157  (9ep) | seeker=-1.374  (11ep)
Iter 961 | Steps 1968128 | Pools h=7 s=7 | hider=+2.257  (8ep) | seeker=-1.703  (10ep)
Iter 962 | Steps 1970176 | Pools h=7 s=7 | hider=+2.400  (8ep) | seeker=-1.229  (11ep)
Iter 963 | Steps 1972224 | Pools h=7 s=7 | hider=+1.499  (10ep) | seeker=-2.274  (8ep)
Iter 964 | Steps 1974272 | Pools h=7 s=7 | hider=+1.675  (10ep) | seeker=-1.434  (10ep)
Iter 965 | Steps 1976320 | Pools h=7 s=7 | hider=+1.907  (9ep) | seeker=-1.168  (11ep)
Iter 966 | Steps 1978368 | Pools h=7 s=7 | hider=+2.142  (9ep) | seeker=-1.364  (11ep)
Iter 967 | Steps 1980416 | Pools h=7 s=7 | hider=+2.040  (9ep) | seeker=-1.406  (11ep)
Iter 968 | Steps 1982464 | Pools h=7 s=7 | hider=+2.108  (9ep) | seeker=-1.683  (9ep)
Iter 969 | Steps 1984512 | Pools h=7 s=7 | hider=+2.200  (8ep) | seeker=-1.866  (9ep)
Iter 970 | Steps 1986560 | Pools h=7 s=7 | hider=+2.400  (8ep) | seeker=-2.051  (9ep)
Iter 971 | Steps 1988608 | Pools h=7 s=7 | hider=+1.930  (9ep) | seeker=-1.579  (10ep)
Iter 972 | Steps 1990656 | Pools h=7 s=7 | hider=+2.172  (8ep) | seeker=-1.238  (10ep)
Iter 973 | Steps 1992704 | Pools h=7 s=7 | hider=+2.400  (8ep) | seeker=-1.439  (11ep)
Iter 974 | Steps 1994752 | Pools h=7 s=7 | hider=+2.400  (8ep) | seeker=-2.400  (8ep)
Iter 975 | Steps 1996800 | Pools h=7 s=7 | hider=+1.920  (9ep) | seeker=-1.493  (11ep)
Iter 976 | Steps 1998848 | Pools h=7 s=7 | hider=+2.109  (9ep) | seeker=-1.506  (10ep)
Iter 977 | Steps 2000896 | Pools h=7 s=7 | hider=+2.224  (8ep) | seeker=-2.062  (8ep)
